This file contains any messages produced by compilers while
running configure, to aid debugging if configure makes a mistake.

It was created by picogrib configure 2.6, which was
generated by GNU Autoconf 2.63.  Invocation command line was

  $ ./configure CC=icc FC=ifort --prefix=/public/home/students/yangl/tools/picogrib/2.6

## --------- ##
## Platform. ##
## --------- ##

hostname = mgt
uname -m = x86_64
uname -r = 3.10.0-693.el7.x86_64
uname -s = Linux
uname -v = #1 SMP Tue Aug 22 21:09:27 UTC 2017

/usr/bin/uname -p = x86_64
/bin/uname -X     = unknown

/bin/arch              = x86_64
/usr/bin/arch -k       = unknown
/usr/convex/getsysinfo = unknown
/usr/bin/hostinfo      = unknown
/bin/machine           = unknown
/usr/bin/oslevel       = unknown
/bin/universe          = unknown

PATH: /public/home/students/yangl/tools/anaconda3/bin
PATH: /public/home/students/yangl/tools/anaconda3/bin
PATH: /public/home/students/yangl/tools/anaconda3/bin
PATH: /public/software/mathlib/ncview/intel/2.1.7/bin
PATH: /public/software/mathlib/esmf/intel/6.3.0rp1/bin/binO/Linux.intel.64.intelmpi.default
PATH: /public/software/mathlib/udunits/intel/2.2.26/bin
PATH: /public/software/mathlib/jasper/intel/1.900.1/bin
PATH: /public/software/mathlib/hdf5/intel/1.8.12/bin
PATH: /public/software/mathlib/hdf/intel/4.2.10/bin
PATH: /public/software/mathlib/pnetcdf/intel/1.8.1/bin
PATH: /public/software/mathlib/netcdf/intel/4.4.0/bin/public/software/mathlib/grads/2.2.1/bin
PATH: /public/software/mathlib/nco/intel/4.7.7/bin
PATH: /public/software/mathlib/ncl/6.5.0/bin
PATH: /public/software/compiler/intel/intel-compiler-2017.5.239/compilers_and_libraries_2017.5.239/linux/bin/intel64
PATH: /public/software/compiler/intel/intel-compiler-2017.5.239/compilers_and_libraries_2017.5.239/linux/mpi/intel64/bin
PATH: /public/software/compiler/intel/intel-compiler-2017.5.239/debugger_2017//gdb/intel64_mic/bin
PATH: /public/software/compiler/intel/intel-compiler-2017.5.239/compilers_and_libraries_2017.5.239/linux/mpi/intel64/bin
PATH: /public/software/mathlib/jasper/intel/1.900.1/bin
PATH: /public/software/mathlib/libpng/intel/1.6.34/bin
PATH: /public/software/mathlib/nco/intel/4.7.7/bin
PATH: /public/software/mathlib/ncl/6.5.0/bin
PATH: /public/software/mathlib/netcdf/intel/4.4.0/bin
PATH: /public/software/compiler/intel/intel-compiler-2017.5.239/bin/intel64
PATH: /public/software/mpi/intelmpi/2017.4.239/intel64/bin
PATH: /public/software/apps/python/3.7.2/bin
PATH: ./
PATH: /public/home/students/bin
PATH: /public/home/students/datbin
PATH: /usr/bin
PATH: /sbin
PATH: /bin
PATH: /usr/bin/X11
PATH: /usr/lib/perl5/site_perl
PATH: /opt/gmt/bin
PATH: /opt/bin
PATH: /opt/ncview/bin
PATH: /opt/gridview/slurm/bin
PATH: /public/home/students/yangl/github/pywrf
PATH: /public/home/students/yangl/tools/lrzsz/0.12.20/bin
PATH: /public/home/students/yangl/tools/julia/1.1.1/bin
PATH: /public/software/apps/imagemagick/7.0.8/bin
PATH: /public/home/students/yangl/tools/WPSDomainWizard
PATH: /public/software/mathlib/vapor/3.0.0/bin
PATH: /public/home/students/yangl/tools/vis5d/5.2/bin


## ----------- ##
## Core tests. ##
## ----------- ##

configure:2079: checking for a BSD-compatible install
configure:2147: result: /usr/bin/install -c
configure:2158: checking whether build environment is sane
configure:2218: result: yes
configure:2359: checking for a thread-safe mkdir -p
configure:2398: result: /usr/bin/mkdir -p
configure:2411: checking for gawk
configure:2427: found /usr/bin/gawk
configure:2438: result: gawk
configure:2449: checking whether make sets $(MAKE)
configure:2471: result: yes
configure:2572: checking for style of include used by make
configure:2600: result: GNU
configure:2670: checking for gcc
configure:2697: result: icc
configure:2929: checking for C compiler version
configure:2937: icc --version >&5
icc (ICC) 17.0.5 20170817
Copyright (C) 1985-2017 Intel Corporation.  All rights reserved.

configure:2941: $? = 0
configure:2948: icc -v >&5
icc version 17.0.5 (gcc version 4.8.5 compatibility)
configure:2952: $? = 0
configure:2959: icc -V >&5
Intel(R) C Intel(R) 64 Compiler for applications running on Intel(R) 64, Version 17.0.5.239 Build 20170817
Copyright (C) 1985-2017 Intel Corporation.  All rights reserved.

configure:2963: $? = 0
configure:2986: checking for C compiler default output file name
configure:3008: icc    conftest.c  >&5
configure:3012: $? = 0
configure:3050: result: a.out
configure:3069: checking whether the C compiler works
configure:3079: ./a.out
configure:3083: $? = 0
configure:3102: result: yes
configure:3109: checking whether we are cross compiling
configure:3111: result: no
configure:3114: checking for suffix of executables
configure:3121: icc -o conftest    conftest.c  >&5
configure:3125: $? = 0
configure:3151: result: 
configure:3157: checking for suffix of object files
configure:3183: icc -c   conftest.c >&5
configure:3187: $? = 0
configure:3212: result: o
configure:3216: checking whether we are using the GNU C compiler
configure:3245: icc -c   conftest.c >&5
configure:3252: $? = 0
configure:3269: result: yes
configure:3278: checking whether icc accepts -g
configure:3308: icc -c -g  conftest.c >&5
configure:3315: $? = 0
configure:3416: result: yes
configure:3433: checking for icc option to accept ISO C89
configure:3507: icc  -c -g -O2  conftest.c >&5
configure:3514: $? = 0
configure:3537: result: none needed
configure:3557: checking dependency style of icc
configure:3667: result: gcc3
configure:3687: checking for getopt_long
configure:3743: icc -o conftest -g -O2   conftest.c  >&5
configure:3750: $? = 0
configure:3772: result: yes
configure:3789: checking how to run the C preprocessor
configure:3829: icc -E  conftest.c
configure:3836: $? = 0
configure:3867: icc -E  conftest.c
conftest.c(11): error #2379: cannot open source file "ac_nonexistent.h"
  #include <ac_nonexistent.h>
                             ^

configure:3874: $? = 2
configure: failed program was:
| /* confdefs.h.  */
| #define PACKAGE_NAME "picogrib"
| #define PACKAGE_TARNAME "picogrib"
| #define PACKAGE_VERSION "2.6"
| #define PACKAGE_STRING "picogrib 2.6"
| #define PACKAGE_BUGREPORT "dcesari@arpa.emr.it"
| #define PACKAGE "picogrib"
| #define VERSION "2.6"
| #define HAVE_GETOPT_LONG 1
| /* end confdefs.h.  */
| #include <ac_nonexistent.h>
configure:3907: result: icc -E
configure:3936: icc -E  conftest.c
configure:3943: $? = 0
configure:3974: icc -E  conftest.c
conftest.c(11): error #2379: cannot open source file "ac_nonexistent.h"
  #include <ac_nonexistent.h>
                             ^

configure:3981: $? = 2
configure: failed program was:
| /* confdefs.h.  */
| #define PACKAGE_NAME "picogrib"
| #define PACKAGE_TARNAME "picogrib"
| #define PACKAGE_VERSION "2.6"
| #define PACKAGE_STRING "picogrib 2.6"
| #define PACKAGE_BUGREPORT "dcesari@arpa.emr.it"
| #define PACKAGE "picogrib"
| #define VERSION "2.6"
| #define HAVE_GETOPT_LONG 1
| /* end confdefs.h.  */
| #include <ac_nonexistent.h>
configure:4021: checking for grep that handles long lines and -e
configure:4081: result: /usr/bin/grep
configure:4086: checking for egrep
configure:4150: result: /usr/bin/grep -E
configure:4155: checking for ANSI C header files
configure:4185: icc -c -g -O2  conftest.c >&5
configure:4192: $? = 0
configure:4291: icc -o conftest -g -O2   conftest.c  >&5
configure:4295: $? = 0
configure:4301: ./conftest
configure:4305: $? = 0
configure:4323: result: yes
configure:4347: checking for sys/types.h
configure:4368: icc -c -g -O2  conftest.c >&5
configure:4375: $? = 0
configure:4392: result: yes
configure:4347: checking for sys/stat.h
configure:4368: icc -c -g -O2  conftest.c >&5
configure:4375: $? = 0
configure:4392: result: yes
configure:4347: checking for stdlib.h
configure:4368: icc -c -g -O2  conftest.c >&5
configure:4375: $? = 0
configure:4392: result: yes
configure:4347: checking for string.h
configure:4368: icc -c -g -O2  conftest.c >&5
configure:4375: $? = 0
configure:4392: result: yes
configure:4347: checking for memory.h
configure:4368: icc -c -g -O2  conftest.c >&5
configure:4375: $? = 0
configure:4392: result: yes
configure:4347: checking for strings.h
configure:4368: icc -c -g -O2  conftest.c >&5
configure:4375: $? = 0
configure:4392: result: yes
configure:4347: checking for inttypes.h
configure:4368: icc -c -g -O2  conftest.c >&5
configure:4375: $? = 0
configure:4392: result: yes
configure:4347: checking for stdint.h
configure:4368: icc -c -g -O2  conftest.c >&5
configure:4375: $? = 0
configure:4392: result: yes
configure:4347: checking for unistd.h
configure:4368: icc -c -g -O2  conftest.c >&5
configure:4375: $? = 0
configure:4392: result: yes
configure:4407: checking whether byte ordering is bigendian
configure:4432: icc -c -g -O2  conftest.c >&5
conftest.c(22): error: identifier "not" is undefined
  	       not a universal capable compiler
  	       ^

conftest.c(22): error: expected a ";"
  	       not a universal capable compiler
  	             ^

compilation aborted for conftest.c (code 2)
configure:4439: $? = 2
configure: failed program was:
| /* confdefs.h.  */
| #define PACKAGE_NAME "picogrib"
| #define PACKAGE_TARNAME "picogrib"
| #define PACKAGE_VERSION "2.6"
| #define PACKAGE_STRING "picogrib 2.6"
| #define PACKAGE_BUGREPORT "dcesari@arpa.emr.it"
| #define PACKAGE "picogrib"
| #define VERSION "2.6"
| #define HAVE_GETOPT_LONG 1
| #define STDC_HEADERS 1
| #define HAVE_SYS_TYPES_H 1
| #define HAVE_SYS_STAT_H 1
| #define HAVE_STDLIB_H 1
| #define HAVE_STRING_H 1
| #define HAVE_MEMORY_H 1
| #define HAVE_STRINGS_H 1
| #define HAVE_INTTYPES_H 1
| #define HAVE_STDINT_H 1
| #define HAVE_UNISTD_H 1
| /* end confdefs.h.  */
| #ifndef __APPLE_CC__
| 	       not a universal capable compiler
| 	     #endif
| 	     typedef int dummy;
| 
configure:4489: icc -c -g -O2  conftest.c >&5
configure:4496: $? = 0
configure:4528: icc -c -g -O2  conftest.c >&5
conftest.c(28): error: identifier "not" is undefined
  		 not big endian
  		 ^

conftest.c(28): error: expected a ";"
  		 not big endian
  		         ^

conftest.c(31): warning #12: parsing restarts here after previous syntax error
    ;
    ^

compilation aborted for conftest.c (code 2)
configure:4535: $? = 2
configure: failed program was:
| /* confdefs.h.  */
| #define PACKAGE_NAME "picogrib"
| #define PACKAGE_TARNAME "picogrib"
| #define PACKAGE_VERSION "2.6"
| #define PACKAGE_STRING "picogrib 2.6"
| #define PACKAGE_BUGREPORT "dcesari@arpa.emr.it"
| #define PACKAGE "picogrib"
| #define VERSION "2.6"
| #define HAVE_GETOPT_LONG 1
| #define STDC_HEADERS 1
| #define HAVE_SYS_TYPES_H 1
| #define HAVE_SYS_STAT_H 1
| #define HAVE_STDLIB_H 1
| #define HAVE_STRING_H 1
| #define HAVE_MEMORY_H 1
| #define HAVE_STRINGS_H 1
| #define HAVE_INTTYPES_H 1
| #define HAVE_STDINT_H 1
| #define HAVE_UNISTD_H 1
| /* end confdefs.h.  */
| #include <sys/types.h>
| 		#include <sys/param.h>
| 
| int
| main ()
| {
| #if BYTE_ORDER != BIG_ENDIAN
| 		 not big endian
| 		#endif
| 
|   ;
|   return 0;
| }
configure:4787: result: no
configure:4919: checking for Fortran 77 compiler version
configure:4927: ifort --version >&5
ifort (IFORT) 17.0.5 20170817
Copyright (C) 1985-2017 Intel Corporation.  All rights reserved.

configure:4931: $? = 0
configure:4938: ifort -v >&5
ifort version 17.0.5
configure:4942: $? = 0
configure:4949: ifort -V >&5
Intel(R) Fortran Intel(R) 64 Compiler for applications running on Intel(R) 64, Version 17.0.5.239 Build 20170817
Copyright (C) 1985-2017 Intel Corporation.  All rights reserved.

configure:4953: $? = 0
configure:4961: checking whether we are using the GNU Fortran 77 compiler
configure:4980: ifort -c  conftest.F >&5
conftest.F(3): error #5082: Syntax error, found END-OF-STATEMENT when expecting one of: => = . [ % ( :
       choke me
---------------^
compilation aborted for conftest.F (code 1)
configure:4987: $? = 1
configure: failed program was:
|       program main
| #ifndef __GNUC__
|        choke me
| #endif
| 
|       end
configure:5004: result: no
configure:5010: checking whether ifort accepts -g
configure:5027: ifort -c -g conftest.f >&5
configure:5034: $? = 0
configure:5050: result: yes
configure:5084: checking how to get verbose linking output from ifort
configure:5100: ifort -c -g conftest.f >&5
configure:5107: $? = 0
configure:5129: ifort -o conftest -g -v conftest.f
ifort version 17.0.5
/public/software/compiler/intel/intel-compiler-2017.5.239/compilers_and_libraries_2017.5.239/linux/bin/intel64/fortcom    -D__INTEL_COMPILER=1700 -D__INTEL_COMPILER_UPDATE=5 -D__unix__ -D__unix -D__linux__ -D__linux -D__gnu_linux__ -Dunix -Dlinux -D__ELF__ -D__x86_64 -D__x86_64__ -D__amd64 -D__amd64__ -D__INTEL_COMPILER_BUILD_DATE=20170817 -D__INTEL_OFFLOAD -D__i686 -D__i686__ -D__pentiumpro -D__pentiumpro__ -D__pentium4 -D__pentium4__ -D__tune_pentium4__ -D__SSE2__ -D__SSE2_MATH__ -D__SSE__ -D__SSE_MATH__ -D__MMX__ -mGLOB_pack_sort_init_list -I. -I/public/software/compiler/intel/intel-compiler-2017.5.239/compilers_and_libraries_2017.5.239/linux/mkl/include -I/public/software/compiler/intel/intel-compiler-2017.5.239/compilers_and_libraries_2017.5.239/linux/ipp/include -I/public/software/compiler/intel/intel-compiler-2017.5.239/compilers_and_libraries_2017.5.239/linux/mkl/include -I/public/software/compiler/intel/intel-compiler-2017.5.239/compilers_and_libraries_2017.5.239/linux/tbb/include -I/public/software/compiler/intel/intel-compiler-2017.5.239/compilers_and_libraries_2017.5.239/linux/daal/include -I/public/software/compiler/intel/intel-compiler-2017.5.239/mkl/include -I/public/software/compiler/intel/intel-compiler-2017.5.239/compilers_and_libraries_2017.5.239/linux/compiler/include/intel64 -I/public/software/compiler/intel/intel-compiler-2017.5.239/compilers_and_libraries_2017.5.239/linux/compiler/include/icc -I/public/software/compiler/intel/intel-compiler-2017.5.239/compilers_and_libraries_2017.5.239/linux/compiler/include -I/usr/local/include -I/usr/lib/gcc/x86_64-redhat-linux/4.8.5/include -I/usr/include/ -I/usr/include "-fp_modbits honor_f32_conversion" "-fp_modbits honor_f64_conversion" -O0 -g2 "-reentrancy threaded" -simd -offload_host -mGLOB_em64t=TRUE -mP1OPT_version=17.0-intel64 -mGLOB_diag_file=/tmp/ifortYxM4PT.diag -mGLOB_long_size_64 -mGLOB_routine_pointer_size_64 -mGLOB_source_language=GLOB_SOURCE_LANGUAGE_F90 -mP2OPT_static_promotion -mP1OPT_print_version=FALSE -mCG_use_gas_got_workaround=F -mP2OPT_align_option_used=TRUE -mGLOB_gcc_version=485 "-mGLOB_options_string=-o conftest -g -v" -mGLOB_cxx_limited_range=FALSE -mCG_extend_parms=FALSE -mGLOB_compiler_bin_directory=/public/software/compiler/intel/intel-compiler-2017.5.239/compilers_and_libraries_2017.5.239/linux/bin/intel64 -mP3OPT_emit_line_numbers -mP2OPT_suppress_unreferenced_locals=FALSE -mGLOB_debug_target=GLOB_DEBUG_TARGET_ALL -mDEBUG_info_level=2 -mDEBUG_use_indirect_strings=TRUE -mGLOB_debug_format=GLOB_DEBUG_FORMAT_DWARF40 -mGLOB_as_output_backup_file_name=/tmp/ifortQmZL1Jas_.s -mGLOB_dashboard_use_source_name -mGLOB_instruction_tuning=0x0 -mGLOB_uarch_tuning=0x0 -mGLOB_product_id_code=0x22006d8f -mGLOB_maintain_errno -mGLOB_noinline_intrinsics -mGLOB_use_base_pointer=1 -mCG_bnl_movbe=T -mGLOB_extended_instructions=0x8 -mP3OPT_use_mspp_call_convention -mP2OPT_subs_out_of_bound=FALSE -mP2OPT_disam_type_based_disam=2 -mGLOB_ansi_alias -mIPOPT_ninl_limit=0 -mIPOPT_ninl_user_level=0 -mPGOPTI_value_profile_use=T -mGLOB_opt_report_use_source_name -mP2OPT_gen_linux_const_pooling=FALSE -mP2OPT_il0_array_sections=TRUE -mGLOB_offload_mode=1 -mP2OPT_offload_unique_var_string=ifort0361163749nBjaqi -mGLOB_opt_level=0 -mIPOPT_args_in_regs=0 -mP2OPT_disam_assume_nonstd_intent_in=FALSE -mGLOB_imf_mapping_library=/public/software/compiler/intel/intel-compiler-2017.5.239/compilers_and_libraries_2017.5.239/linux/bin/intel64/libiml_attr.so -mIPOPT_single_file_compile_and_link=TRUE -mP2OPT_hlo_embed_loopinfo -mPGOPTI_gen_threadsafe_level=0 -mIPOPT_lto_object_enabled -mIPOPT_lto_object_value=1 -mIPOPT_obj_output_file_name=/tmp/ifortYxM4PT.o -mIPOPT_whole_archive_fixup_file_name=/tmp/ifortwarchAsN5dA -mGLOB_linker_version=2.25.1 -mGLOB_driver_tempfile_name=/tmp/iforttempfilepEkmkv -mP3OPT_asm_target=P3OPT_ASM_TARGET_GAS -mGLOB_async_unwind_tables=TRUE -mGLOB_obj_output_file=/tmp/ifortYxM4PT.o -mGLOB_source_dialect=GLOB_SOURCE_DIALECT_FORTRAN -mP1OPT_source_file_name=conftest.f -mP1OPT_full_source_file_name=/public/home/students/yangl/github/vis5d-tools/picogrib-2.6/conftest.f -mP2OPT_symtab_type_copy=true conftest.f
#include "..." search starts here:
#include <...> search starts here:
 .
 /public/software/compiler/intel/intel-compiler-2017.5.239/compilers_and_libraries_2017.5.239/linux/mkl/include
 /public/software/compiler/intel/intel-compiler-2017.5.239/compilers_and_libraries_2017.5.239/linux/ipp/include
 /public/software/compiler/intel/intel-compiler-2017.5.239/compilers_and_libraries_2017.5.239/linux/mkl/include
 /public/software/compiler/intel/intel-compiler-2017.5.239/compilers_and_libraries_2017.5.239/linux/tbb/include
 /public/software/compiler/intel/intel-compiler-2017.5.239/compilers_and_libraries_2017.5.239/linux/daal/include
 /public/software/compiler/intel/intel-compiler-2017.5.239/mkl/include
 /public/software/compiler/intel/intel-compiler-2017.5.239/compilers_and_libraries_2017.5.239/linux/compiler/include/intel64
 /public/software/compiler/intel/intel-compiler-2017.5.239/compilers_and_libraries_2017.5.239/linux/compiler/include/icc
 /public/software/compiler/intel/intel-compiler-2017.5.239/compilers_and_libraries_2017.5.239/linux/compiler/include
 /usr/local/include
 /usr/lib/gcc/x86_64-redhat-linux/4.8.5/include
 /usr/include/
 /usr/include
End of search list.
ld    /usr/lib/gcc/x86_64-redhat-linux/4.8.5/../../../../lib64/crt1.o /usr/lib/gcc/x86_64-redhat-linux/4.8.5/../../../../lib64/crti.o /usr/lib/gcc/x86_64-redhat-linux/4.8.5/crtbegin.o --eh-frame-hdr --build-id -dynamic-linker /lib64/ld-linux-x86-64.so.2 -m elf_x86_64 -o conftest /public/software/compiler/intel/intel-compiler-2017.5.239/compilers_and_libraries_2017.5.239/linux/compiler/lib/intel64_lin/for_main.o -L/public/software/mathlib/esmf/intel/6.3.0rp1/lib/libO/Linux.intel.64.intelmpi.default -L/public/software/mathlib/udunits/intel/2.2.26/lib -L/public/software/mathlib/zlib/intel/1.2.11/lib -L/public/software/mathlib/libpng/intel/1.6.34/lib -L/public/software/mathlib/szip/intel/2.1.1/lib -L/public/software/mathlib/hdf5/intel/1.8.12/lib -L/public/software/mathlib/hdf/intel/4.2.10/lib -L/public/software/mathlib/pnetcdf/intel/1.8.1/lib -L/public/software/mathlib/netcdf/intel/4.4.0/lib -L/public/software/mathlib/jpeg/intel/9b/lib -L/public/software/mathlib/nco/intel/4.7.7/lib -L/public/software/compiler/intel/intel-compiler-2017.5.239/compilers_and_libraries_2017.5.239/linux/compiler/lib/intel64_lin -L/public/software/compiler/intel/intel-compiler-2017.5.239/compilers_and_libraries_2017.5.239/linux/mkl/lib/intel64_lin -L/public/software/compiler/intel/intel-compiler-2017.5.239/compilers_and_libraries_2017.5.239/linux/ipp/lib/intel64 -L/public/software/compiler/intel/intel-compiler-2017.5.239/compilers_and_libraries_2017.5.239/linux/compiler/lib/intel64_lin -L/public/software/compiler/intel/intel-compiler-2017.5.239/compilers_and_libraries_2017.5.239/linux/mkl/lib/intel64_lin -L/public/software/compiler/intel/intel-compiler-2017.5.239/compilers_and_libraries_2017.5.239/linux/tbb/lib/intel64/gcc4.7 -L/public/software/compiler/intel/intel-compiler-2017.5.239/compilers_and_libraries_2017.5.239/linux/daal/lib/intel64_lin -L/public/software/compiler/intel/intel-compiler-2017.5.239/compiler/lib/intel64 -L/public/software/compiler/intel/intel-compiler-2017.5.239/mkl/lib/intel64 -L/public/software/compiler/intel/intel-compiler-2017.5.239/tbb/lib/intel64 -L/public/software/compiler/intel/intel-compiler-2017.5.239/compilers_and_libraries_2017.5.239/linux/compiler/lib/intel64_lin -L/usr/lib/gcc/x86_64-redhat-linux/4.8.5/ -L/usr/lib/gcc/x86_64-redhat-linux/4.8.5/../../../../lib64 -L/usr/lib/gcc/x86_64-redhat-linux/4.8.5/../../../../lib64/ -L/lib/../lib64 -L/lib/../lib64/ -L/usr/lib/../lib64 -L/usr/lib/../lib64/ -L/public/software/mathlib/esmf/intel/6.3.0rp1/lib/libO/Linux.intel.64.intelmpi.default/ -L/public/software/mathlib/udunits/intel/2.2.26/lib/ -L/public/software/mathlib/zlib/intel/1.2.11/lib/ -L/public/software/mathlib/libpng/intel/1.6.34/lib/ -L/public/software/mathlib/szip/intel/2.1.1/lib/ -L/public/software/mathlib/hdf5/intel/1.8.12/lib/ -L/public/software/mathlib/hdf/intel/4.2.10/lib/ -L/public/software/mathlib/pnetcdf/intel/1.8.1/lib/ -L/public/software/mathlib/netcdf/intel/4.4.0/lib/ -L/public/software/mathlib/jpeg/intel/9b/lib/ -L/public/software/mathlib/nco/intel/4.7.7/lib/ -L/public/software/compiler/intel/intel-compiler-2017.5.239/compilers_and_libraries_2017.5.239/linux/compiler/lib/intel64_lin/ -L/public/software/compiler/intel/intel-compiler-2017.5.239/compilers_and_libraries_2017.5.239/linux/mkl/lib/intel64_lin/ -L/public/software/compiler/intel/intel-compiler-2017.5.239/compilers_and_libraries_2017.5.239/linux/ipp/lib/intel64/ -L/public/software/compiler/intel/intel-compiler-2017.5.239/compilers_and_libraries_2017.5.239/linux/tbb/lib/intel64/gcc4.7/ -L/public/software/compiler/intel/intel-compiler-2017.5.239/compilers_and_libraries_2017.5.239/linux/daal/lib/intel64_lin/ -L/public/software/compiler/intel/intel-compiler-2017.5.239/mkl/lib/intel64/ -L/public/software/compiler/intel/intel-compiler-2017.5.239/tbb/lib/intel64/ -L/usr/lib/gcc/x86_64-redhat-linux/4.8.5/../../../ -L/lib64 -L/lib/ -L/usr/lib64 -L/usr/lib /tmp/ifortYxM4PT.o -Bdynamic -Bstatic -lifport -lifcoremt -limf -lsvml -Bdynamic -lm -Bstatic -lipgo -lirc -Bdynamic -lpthread -Bstatic -lsvml -Bdynamic -lc -lgcc -lgcc_s -Bstatic -lirc_s -Bdynamic -ldl -lc /usr/lib/gcc/x86_64-redhat-linux/4.8.5/crtend.o /usr/lib/gcc/x86_64-redhat-linux/4.8.5/../../../../lib64/crtn.o
configure:5198: result: -v
configure:5200: checking for Fortran 77 libraries of ifort
configure:5223: ifort -o conftest -g -v conftest.f
ifort version 17.0.5
/public/software/compiler/intel/intel-compiler-2017.5.239/compilers_and_libraries_2017.5.239/linux/bin/intel64/fortcom    -D__INTEL_COMPILER=1700 -D__INTEL_COMPILER_UPDATE=5 -D__unix__ -D__unix -D__linux__ -D__linux -D__gnu_linux__ -Dunix -Dlinux -D__ELF__ -D__x86_64 -D__x86_64__ -D__amd64 -D__amd64__ -D__INTEL_COMPILER_BUILD_DATE=20170817 -D__INTEL_OFFLOAD -D__i686 -D__i686__ -D__pentiumpro -D__pentiumpro__ -D__pentium4 -D__pentium4__ -D__tune_pentium4__ -D__SSE2__ -D__SSE2_MATH__ -D__SSE__ -D__SSE_MATH__ -D__MMX__ -mGLOB_pack_sort_init_list -I. -I/public/software/compiler/intel/intel-compiler-2017.5.239/compilers_and_libraries_2017.5.239/linux/mkl/include -I/public/software/compiler/intel/intel-compiler-2017.5.239/compilers_and_libraries_2017.5.239/linux/ipp/include -I/public/software/compiler/intel/intel-compiler-2017.5.239/compilers_and_libraries_2017.5.239/linux/mkl/include -I/public/software/compiler/intel/intel-compiler-2017.5.239/compilers_and_libraries_2017.5.239/linux/tbb/include -I/public/software/compiler/intel/intel-compiler-2017.5.239/compilers_and_libraries_2017.5.239/linux/daal/include -I/public/software/compiler/intel/intel-compiler-2017.5.239/mkl/include -I/public/software/compiler/intel/intel-compiler-2017.5.239/compilers_and_libraries_2017.5.239/linux/compiler/include/intel64 -I/public/software/compiler/intel/intel-compiler-2017.5.239/compilers_and_libraries_2017.5.239/linux/compiler/include/icc -I/public/software/compiler/intel/intel-compiler-2017.5.239/compilers_and_libraries_2017.5.239/linux/compiler/include -I/usr/local/include -I/usr/lib/gcc/x86_64-redhat-linux/4.8.5/include -I/usr/include/ -I/usr/include "-fp_modbits honor_f32_conversion" "-fp_modbits honor_f64_conversion" -O0 -g2 "-reentrancy threaded" -simd -offload_host -mGLOB_em64t=TRUE -mP1OPT_version=17.0-intel64 -mGLOB_diag_file=/tmp/ifort0H2OY1.diag -mGLOB_long_size_64 -mGLOB_routine_pointer_size_64 -mGLOB_source_language=GLOB_SOURCE_LANGUAGE_F90 -mP2OPT_static_promotion -mP1OPT_print_version=FALSE -mCG_use_gas_got_workaround=F -mP2OPT_align_option_used=TRUE -mGLOB_gcc_version=485 "-mGLOB_options_string=-o conftest -g -v" -mGLOB_cxx_limited_range=FALSE -mCG_extend_parms=FALSE -mGLOB_compiler_bin_directory=/public/software/compiler/intel/intel-compiler-2017.5.239/compilers_and_libraries_2017.5.239/linux/bin/intel64 -mP3OPT_emit_line_numbers -mP2OPT_suppress_unreferenced_locals=FALSE -mGLOB_debug_target=GLOB_DEBUG_TARGET_ALL -mDEBUG_info_level=2 -mDEBUG_use_indirect_strings=TRUE -mGLOB_debug_format=GLOB_DEBUG_FORMAT_DWARF40 -mGLOB_as_output_backup_file_name=/tmp/ifortms0LBSas_.s -mGLOB_dashboard_use_source_name -mGLOB_instruction_tuning=0x0 -mGLOB_uarch_tuning=0x0 -mGLOB_product_id_code=0x22006d8f -mGLOB_maintain_errno -mGLOB_noinline_intrinsics -mGLOB_use_base_pointer=1 -mCG_bnl_movbe=T -mGLOB_extended_instructions=0x8 -mP3OPT_use_mspp_call_convention -mP2OPT_subs_out_of_bound=FALSE -mP2OPT_disam_type_based_disam=2 -mGLOB_ansi_alias -mIPOPT_ninl_limit=0 -mIPOPT_ninl_user_level=0 -mPGOPTI_value_profile_use=T -mGLOB_opt_report_use_source_name -mP2OPT_gen_linux_const_pooling=FALSE -mP2OPT_il0_array_sections=TRUE -mGLOB_offload_mode=1 -mP2OPT_offload_unique_var_string=ifort1048088061oo64sp -mGLOB_opt_level=0 -mIPOPT_args_in_regs=0 -mP2OPT_disam_assume_nonstd_intent_in=FALSE -mGLOB_imf_mapping_library=/public/software/compiler/intel/intel-compiler-2017.5.239/compilers_and_libraries_2017.5.239/linux/bin/intel64/libiml_attr.so -mIPOPT_single_file_compile_and_link=TRUE -mP2OPT_hlo_embed_loopinfo -mPGOPTI_gen_threadsafe_level=0 -mIPOPT_lto_object_enabled -mIPOPT_lto_object_value=1 -mIPOPT_obj_output_file_name=/tmp/ifort0H2OY1.o -mIPOPT_whole_archive_fixup_file_name=/tmp/ifortwarchSdxufJ -mGLOB_linker_version=2.25.1 -mGLOB_driver_tempfile_name=/tmp/iforttempfilew6PtzE -mP3OPT_asm_target=P3OPT_ASM_TARGET_GAS -mGLOB_async_unwind_tables=TRUE -mGLOB_obj_output_file=/tmp/ifort0H2OY1.o -mGLOB_source_dialect=GLOB_SOURCE_DIALECT_FORTRAN -mP1OPT_source_file_name=conftest.f -mP1OPT_full_source_file_name=/public/home/students/yangl/github/vis5d-tools/picogrib-2.6/conftest.f -mP2OPT_symtab_type_copy=true conftest.f
#include "..." search starts here:
#include <...> search starts here:
 .
 /public/software/compiler/intel/intel-compiler-2017.5.239/compilers_and_libraries_2017.5.239/linux/mkl/include
 /public/software/compiler/intel/intel-compiler-2017.5.239/compilers_and_libraries_2017.5.239/linux/ipp/include
 /public/software/compiler/intel/intel-compiler-2017.5.239/compilers_and_libraries_2017.5.239/linux/mkl/include
 /public/software/compiler/intel/intel-compiler-2017.5.239/compilers_and_libraries_2017.5.239/linux/tbb/include
 /public/software/compiler/intel/intel-compiler-2017.5.239/compilers_and_libraries_2017.5.239/linux/daal/include
 /public/software/compiler/intel/intel-compiler-2017.5.239/mkl/include
 /public/software/compiler/intel/intel-compiler-2017.5.239/compilers_and_libraries_2017.5.239/linux/compiler/include/intel64
 /public/software/compiler/intel/intel-compiler-2017.5.239/compilers_and_libraries_2017.5.239/linux/compiler/include/icc
 /public/software/compiler/intel/intel-compiler-2017.5.239/compilers_and_libraries_2017.5.239/linux/compiler/include
 /usr/local/include
 /usr/lib/gcc/x86_64-redhat-linux/4.8.5/include
 /usr/include/
 /usr/include
End of search list.
ld    /usr/lib/gcc/x86_64-redhat-linux/4.8.5/../../../../lib64/crt1.o /usr/lib/gcc/x86_64-redhat-linux/4.8.5/../../../../lib64/crti.o /usr/lib/gcc/x86_64-redhat-linux/4.8.5/crtbegin.o --eh-frame-hdr --build-id -dynamic-linker /lib64/ld-linux-x86-64.so.2 -m elf_x86_64 -o conftest /public/software/compiler/intel/intel-compiler-2017.5.239/compilers_and_libraries_2017.5.239/linux/compiler/lib/intel64_lin/for_main.o -L/public/software/mathlib/esmf/intel/6.3.0rp1/lib/libO/Linux.intel.64.intelmpi.default -L/public/software/mathlib/udunits/intel/2.2.26/lib -L/public/software/mathlib/zlib/intel/1.2.11/lib -L/public/software/mathlib/libpng/intel/1.6.34/lib -L/public/software/mathlib/szip/intel/2.1.1/lib -L/public/software/mathlib/hdf5/intel/1.8.12/lib -L/public/software/mathlib/hdf/intel/4.2.10/lib -L/public/software/mathlib/pnetcdf/intel/1.8.1/lib -L/public/software/mathlib/netcdf/intel/4.4.0/lib -L/public/software/mathlib/jpeg/intel/9b/lib -L/public/software/mathlib/nco/intel/4.7.7/lib -L/public/software/compiler/intel/intel-compiler-2017.5.239/compilers_and_libraries_2017.5.239/linux/compiler/lib/intel64_lin -L/public/software/compiler/intel/intel-compiler-2017.5.239/compilers_and_libraries_2017.5.239/linux/mkl/lib/intel64_lin -L/public/software/compiler/intel/intel-compiler-2017.5.239/compilers_and_libraries_2017.5.239/linux/ipp/lib/intel64 -L/public/software/compiler/intel/intel-compiler-2017.5.239/compilers_and_libraries_2017.5.239/linux/compiler/lib/intel64_lin -L/public/software/compiler/intel/intel-compiler-2017.5.239/compilers_and_libraries_2017.5.239/linux/mkl/lib/intel64_lin -L/public/software/compiler/intel/intel-compiler-2017.5.239/compilers_and_libraries_2017.5.239/linux/tbb/lib/intel64/gcc4.7 -L/public/software/compiler/intel/intel-compiler-2017.5.239/compilers_and_libraries_2017.5.239/linux/daal/lib/intel64_lin -L/public/software/compiler/intel/intel-compiler-2017.5.239/compiler/lib/intel64 -L/public/software/compiler/intel/intel-compiler-2017.5.239/mkl/lib/intel64 -L/public/software/compiler/intel/intel-compiler-2017.5.239/tbb/lib/intel64 -L/public/software/compiler/intel/intel-compiler-2017.5.239/compilers_and_libraries_2017.5.239/linux/compiler/lib/intel64_lin -L/usr/lib/gcc/x86_64-redhat-linux/4.8.5/ -L/usr/lib/gcc/x86_64-redhat-linux/4.8.5/../../../../lib64 -L/usr/lib/gcc/x86_64-redhat-linux/4.8.5/../../../../lib64/ -L/lib/../lib64 -L/lib/../lib64/ -L/usr/lib/../lib64 -L/usr/lib/../lib64/ -L/public/software/mathlib/esmf/intel/6.3.0rp1/lib/libO/Linux.intel.64.intelmpi.default/ -L/public/software/mathlib/udunits/intel/2.2.26/lib/ -L/public/software/mathlib/zlib/intel/1.2.11/lib/ -L/public/software/mathlib/libpng/intel/1.6.34/lib/ -L/public/software/mathlib/szip/intel/2.1.1/lib/ -L/public/software/mathlib/hdf5/intel/1.8.12/lib/ -L/public/software/mathlib/hdf/intel/4.2.10/lib/ -L/public/software/mathlib/pnetcdf/intel/1.8.1/lib/ -L/public/software/mathlib/netcdf/intel/4.4.0/lib/ -L/public/software/mathlib/jpeg/intel/9b/lib/ -L/public/software/mathlib/nco/intel/4.7.7/lib/ -L/public/software/compiler/intel/intel-compiler-2017.5.239/compilers_and_libraries_2017.5.239/linux/compiler/lib/intel64_lin/ -L/public/software/compiler/intel/intel-compiler-2017.5.239/compilers_and_libraries_2017.5.239/linux/mkl/lib/intel64_lin/ -L/public/software/compiler/intel/intel-compiler-2017.5.239/compilers_and_libraries_2017.5.239/linux/ipp/lib/intel64/ -L/public/software/compiler/intel/intel-compiler-2017.5.239/compilers_and_libraries_2017.5.239/linux/tbb/lib/intel64/gcc4.7/ -L/public/software/compiler/intel/intel-compiler-2017.5.239/compilers_and_libraries_2017.5.239/linux/daal/lib/intel64_lin/ -L/public/software/compiler/intel/intel-compiler-2017.5.239/mkl/lib/intel64/ -L/public/software/compiler/intel/intel-compiler-2017.5.239/tbb/lib/intel64/ -L/usr/lib/gcc/x86_64-redhat-linux/4.8.5/../../../ -L/lib64 -L/lib/ -L/usr/lib64 -L/usr/lib /tmp/ifort0H2OY1.o -Bdynamic -Bstatic -lifport -lifcoremt -limf -lsvml -Bdynamic -lm -Bstatic -lipgo -lirc -Bdynamic -lpthread -Bstatic -lsvml -Bdynamic -lc -lgcc -lgcc_s -Bstatic -lirc_s -Bdynamic -ldl -lc /usr/lib/gcc/x86_64-redhat-linux/4.8.5/crtend.o /usr/lib/gcc/x86_64-redhat-linux/4.8.5/../../../../lib64/crtn.o
configure:5400: result:  -L/public/software/mathlib/esmf/intel/6.3.0rp1/lib/libO/Linux.intel.64.intelmpi.default -L/public/software/mathlib/udunits/intel/2.2.26/lib -L/public/software/mathlib/zlib/intel/1.2.11/lib -L/public/software/mathlib/libpng/intel/1.6.34/lib -L/public/software/mathlib/szip/intel/2.1.1/lib -L/public/software/mathlib/hdf5/intel/1.8.12/lib -L/public/software/mathlib/hdf/intel/4.2.10/lib -L/public/software/mathlib/pnetcdf/intel/1.8.1/lib -L/public/software/mathlib/netcdf/intel/4.4.0/lib -L/public/software/mathlib/jpeg/intel/9b/lib -L/public/software/mathlib/nco/intel/4.7.7/lib -L/public/software/compiler/intel/intel-compiler-2017.5.239/compilers_and_libraries_2017.5.239/linux/compiler/lib/intel64_lin -L/public/software/compiler/intel/intel-compiler-2017.5.239/compilers_and_libraries_2017.5.239/linux/mkl/lib/intel64_lin -L/public/software/compiler/intel/intel-compiler-2017.5.239/compilers_and_libraries_2017.5.239/linux/ipp/lib/intel64 -L/public/software/compiler/intel/intel-compiler-2017.5.239/compilers_and_libraries_2017.5.239/linux/tbb/lib/intel64/gcc4.7 -L/public/software/compiler/intel/intel-compiler-2017.5.239/compilers_and_libraries_2017.5.239/linux/daal/lib/intel64_lin -L/public/software/compiler/intel/intel-compiler-2017.5.239/compiler/lib/intel64 -L/public/software/compiler/intel/intel-compiler-2017.5.239/mkl/lib/intel64 -L/public/software/compiler/intel/intel-compiler-2017.5.239/tbb/lib/intel64 -L/usr/lib/gcc/x86_64-redhat-linux/4.8.5/ -L/usr/lib/gcc/x86_64-redhat-linux/4.8.5/../../../../lib64 -L/usr/lib/gcc/x86_64-redhat-linux/4.8.5/../../../../lib64/ -L/lib/../lib64 -L/lib/../lib64/ -L/usr/lib/../lib64 -L/usr/lib/../lib64/ -L/public/software/mathlib/esmf/intel/6.3.0rp1/lib/libO/Linux.intel.64.intelmpi.default/ -L/public/software/mathlib/udunits/intel/2.2.26/lib/ -L/public/software/mathlib/zlib/intel/1.2.11/lib/ -L/public/software/mathlib/libpng/intel/1.6.34/lib/ -L/public/software/mathlib/szip/intel/2.1.1/lib/ -L/public/software/mathlib/hdf5/intel/1.8.12/lib/ -L/public/software/mathlib/hdf/intel/4.2.10/lib/ -L/public/software/mathlib/pnetcdf/intel/1.8.1/lib/ -L/public/software/mathlib/netcdf/intel/4.4.0/lib/ -L/public/software/mathlib/jpeg/intel/9b/lib/ -L/public/software/mathlib/nco/intel/4.7.7/lib/ -L/public/software/compiler/intel/intel-compiler-2017.5.239/compilers_and_libraries_2017.5.239/linux/compiler/lib/intel64_lin/ -L/public/software/compiler/intel/intel-compiler-2017.5.239/compilers_and_libraries_2017.5.239/linux/mkl/lib/intel64_lin/ -L/public/software/compiler/intel/intel-compiler-2017.5.239/compilers_and_libraries_2017.5.239/linux/ipp/lib/intel64/ -L/public/software/compiler/intel/intel-compiler-2017.5.239/compilers_and_libraries_2017.5.239/linux/tbb/lib/intel64/gcc4.7/ -L/public/software/compiler/intel/intel-compiler-2017.5.239/compilers_and_libraries_2017.5.239/linux/daal/lib/intel64_lin/ -L/public/software/compiler/intel/intel-compiler-2017.5.239/mkl/lib/intel64/ -L/public/software/compiler/intel/intel-compiler-2017.5.239/tbb/lib/intel64/ -L/usr/lib/gcc/x86_64-redhat-linux/4.8.5/../../../ -L/lib64 -L/lib/ -L/usr/lib64 -L/usr/lib -lifport -lifcoremt -limf -lsvml -lm -lipgo -lirc -lpthread -lirc_s -ldl
configure:5416: checking for dummy main to link with Fortran 77 libraries
configure:5460: icc -o conftest -g -O2   conftest.c   -L/public/software/mathlib/esmf/intel/6.3.0rp1/lib/libO/Linux.intel.64.intelmpi.default -L/public/software/mathlib/udunits/intel/2.2.26/lib -L/public/software/mathlib/zlib/intel/1.2.11/lib -L/public/software/mathlib/libpng/intel/1.6.34/lib -L/public/software/mathlib/szip/intel/2.1.1/lib -L/public/software/mathlib/hdf5/intel/1.8.12/lib -L/public/software/mathlib/hdf/intel/4.2.10/lib -L/public/software/mathlib/pnetcdf/intel/1.8.1/lib -L/public/software/mathlib/netcdf/intel/4.4.0/lib -L/public/software/mathlib/jpeg/intel/9b/lib -L/public/software/mathlib/nco/intel/4.7.7/lib -L/public/software/compiler/intel/intel-compiler-2017.5.239/compilers_and_libraries_2017.5.239/linux/compiler/lib/intel64_lin -L/public/software/compiler/intel/intel-compiler-2017.5.239/compilers_and_libraries_2017.5.239/linux/mkl/lib/intel64_lin -L/public/software/compiler/intel/intel-compiler-2017.5.239/compilers_and_libraries_2017.5.239/linux/ipp/lib/intel64 -L/public/software/compiler/intel/intel-compiler-2017.5.239/compilers_and_libraries_2017.5.239/linux/tbb/lib/intel64/gcc4.7 -L/public/software/compiler/intel/intel-compiler-2017.5.239/compilers_and_libraries_2017.5.239/linux/daal/lib/intel64_lin -L/public/software/compiler/intel/intel-compiler-2017.5.239/compiler/lib/intel64 -L/public/software/compiler/intel/intel-compiler-2017.5.239/mkl/lib/intel64 -L/public/software/compiler/intel/intel-compiler-2017.5.239/tbb/lib/intel64 -L/usr/lib/gcc/x86_64-redhat-linux/4.8.5/ -L/usr/lib/gcc/x86_64-redhat-linux/4.8.5/../../../../lib64 -L/usr/lib/gcc/x86_64-redhat-linux/4.8.5/../../../../lib64/ -L/lib/../lib64 -L/lib/../lib64/ -L/usr/lib/../lib64 -L/usr/lib/../lib64/ -L/public/software/mathlib/esmf/intel/6.3.0rp1/lib/libO/Linux.intel.64.intelmpi.default/ -L/public/software/mathlib/udunits/intel/2.2.26/lib/ -L/public/software/mathlib/zlib/intel/1.2.11/lib/ -L/public/software/mathlib/libpng/intel/1.6.34/lib/ -L/public/software/mathlib/szip/intel/2.1.1/lib/ -L/public/software/mathlib/hdf5/intel/1.8.12/lib/ -L/public/software/mathlib/hdf/intel/4.2.10/lib/ -L/public/software/mathlib/pnetcdf/intel/1.8.1/lib/ -L/public/software/mathlib/netcdf/intel/4.4.0/lib/ -L/public/software/mathlib/jpeg/intel/9b/lib/ -L/public/software/mathlib/nco/intel/4.7.7/lib/ -L/public/software/compiler/intel/intel-compiler-2017.5.239/compilers_and_libraries_2017.5.239/linux/compiler/lib/intel64_lin/ -L/public/software/compiler/intel/intel-compiler-2017.5.239/compilers_and_libraries_2017.5.239/linux/mkl/lib/intel64_lin/ -L/public/software/compiler/intel/intel-compiler-2017.5.239/compilers_and_libraries_2017.5.239/linux/ipp/lib/intel64/ -L/public/software/compiler/intel/intel-compiler-2017.5.239/compilers_and_libraries_2017.5.239/linux/tbb/lib/intel64/gcc4.7/ -L/public/software/compiler/intel/intel-compiler-2017.5.239/compilers_and_libraries_2017.5.239/linux/daal/lib/intel64_lin/ -L/public/software/compiler/intel/intel-compiler-2017.5.239/mkl/lib/intel64/ -L/public/software/compiler/intel/intel-compiler-2017.5.239/tbb/lib/intel64/ -L/usr/lib/gcc/x86_64-redhat-linux/4.8.5/../../../ -L/lib64 -L/lib/ -L/usr/lib64 -L/usr/lib -lifport -lifcoremt -limf -lsvml -lm -lipgo -lirc -lpthread -lirc_s -ldl >&5
configure:5467: $? = 0
configure:5555: result: none
configure:5594: checking for Fortran 77 name-mangling scheme
configure:5613: ifort -c -g conftest.f >&5
configure:5620: $? = 0
configure:5675: icc -o conftest -g -O2   conftest.c cfortran_test.o   -L/public/software/mathlib/esmf/intel/6.3.0rp1/lib/libO/Linux.intel.64.intelmpi.default -L/public/software/mathlib/udunits/intel/2.2.26/lib -L/public/software/mathlib/zlib/intel/1.2.11/lib -L/public/software/mathlib/libpng/intel/1.6.34/lib -L/public/software/mathlib/szip/intel/2.1.1/lib -L/public/software/mathlib/hdf5/intel/1.8.12/lib -L/public/software/mathlib/hdf/intel/4.2.10/lib -L/public/software/mathlib/pnetcdf/intel/1.8.1/lib -L/public/software/mathlib/netcdf/intel/4.4.0/lib -L/public/software/mathlib/jpeg/intel/9b/lib -L/public/software/mathlib/nco/intel/4.7.7/lib -L/public/software/compiler/intel/intel-compiler-2017.5.239/compilers_and_libraries_2017.5.239/linux/compiler/lib/intel64_lin -L/public/software/compiler/intel/intel-compiler-2017.5.239/compilers_and_libraries_2017.5.239/linux/mkl/lib/intel64_lin -L/public/software/compiler/intel/intel-compiler-2017.5.239/compilers_and_libraries_2017.5.239/linux/ipp/lib/intel64 -L/public/software/compiler/intel/intel-compiler-2017.5.239/compilers_and_libraries_2017.5.239/linux/tbb/lib/intel64/gcc4.7 -L/public/software/compiler/intel/intel-compiler-2017.5.239/compilers_and_libraries_2017.5.239/linux/daal/lib/intel64_lin -L/public/software/compiler/intel/intel-compiler-2017.5.239/compiler/lib/intel64 -L/public/software/compiler/intel/intel-compiler-2017.5.239/mkl/lib/intel64 -L/public/software/compiler/intel/intel-compiler-2017.5.239/tbb/lib/intel64 -L/usr/lib/gcc/x86_64-redhat-linux/4.8.5/ -L/usr/lib/gcc/x86_64-redhat-linux/4.8.5/../../../../lib64 -L/usr/lib/gcc/x86_64-redhat-linux/4.8.5/../../../../lib64/ -L/lib/../lib64 -L/lib/../lib64/ -L/usr/lib/../lib64 -L/usr/lib/../lib64/ -L/public/software/mathlib/esmf/intel/6.3.0rp1/lib/libO/Linux.intel.64.intelmpi.default/ -L/public/software/mathlib/udunits/intel/2.2.26/lib/ -L/public/software/mathlib/zlib/intel/1.2.11/lib/ -L/public/software/mathlib/libpng/intel/1.6.34/lib/ -L/public/software/mathlib/szip/intel/2.1.1/lib/ -L/public/software/mathlib/hdf5/intel/1.8.12/lib/ -L/public/software/mathlib/hdf/intel/4.2.10/lib/ -L/public/software/mathlib/pnetcdf/intel/1.8.1/lib/ -L/public/software/mathlib/netcdf/intel/4.4.0/lib/ -L/public/software/mathlib/jpeg/intel/9b/lib/ -L/public/software/mathlib/nco/intel/4.7.7/lib/ -L/public/software/compiler/intel/intel-compiler-2017.5.239/compilers_and_libraries_2017.5.239/linux/compiler/lib/intel64_lin/ -L/public/software/compiler/intel/intel-compiler-2017.5.239/compilers_and_libraries_2017.5.239/linux/mkl/lib/intel64_lin/ -L/public/software/compiler/intel/intel-compiler-2017.5.239/compilers_and_libraries_2017.5.239/linux/ipp/lib/intel64/ -L/public/software/compiler/intel/intel-compiler-2017.5.239/compilers_and_libraries_2017.5.239/linux/tbb/lib/intel64/gcc4.7/ -L/public/software/compiler/intel/intel-compiler-2017.5.239/compilers_and_libraries_2017.5.239/linux/daal/lib/intel64_lin/ -L/public/software/compiler/intel/intel-compiler-2017.5.239/mkl/lib/intel64/ -L/public/software/compiler/intel/intel-compiler-2017.5.239/tbb/lib/intel64/ -L/usr/lib/gcc/x86_64-redhat-linux/4.8.5/../../../ -L/lib64 -L/lib/ -L/usr/lib64 -L/usr/lib -lifport -lifcoremt -limf -lsvml -lm -lipgo -lirc -lpthread -lirc_s -ldl >&5
/tmp/icckaNKPr.o: In function `main':
/public/home/students/yangl/github/vis5d-tools/picogrib-2.6/conftest.c:40: undefined reference to `foobar'
configure:5682: $? = 1
configure: failed program was:
| /* confdefs.h.  */
| #define PACKAGE_NAME "picogrib"
| #define PACKAGE_TARNAME "picogrib"
| #define PACKAGE_VERSION "2.6"
| #define PACKAGE_STRING "picogrib 2.6"
| #define PACKAGE_BUGREPORT "dcesari@arpa.emr.it"
| #define PACKAGE "picogrib"
| #define VERSION "2.6"
| #define HAVE_GETOPT_LONG 1
| #define STDC_HEADERS 1
| #define HAVE_SYS_TYPES_H 1
| #define HAVE_SYS_STAT_H 1
| #define HAVE_STDLIB_H 1
| #define HAVE_STRING_H 1
| #define HAVE_MEMORY_H 1
| #define HAVE_STRINGS_H 1
| #define HAVE_INTTYPES_H 1
| #define HAVE_STDINT_H 1
| #define HAVE_UNISTD_H 1
| /* end confdefs.h.  */
| 
| /* Override any GCC internal prototype to avoid an error.
|    Use char because int might match the return type of a GCC
|    builtin and then its argument prototype would still apply.  */
| #ifdef __cplusplus
| extern "C"
| #endif
| char foobar ();
| #ifdef F77_DUMMY_MAIN
| 
| #  ifdef __cplusplus
|      extern "C"
| #  endif
|    int F77_DUMMY_MAIN() { return 1; }
| 
| #endif
| int
| main ()
| {
| return foobar ();
|   ;
|   return 0;
| }
configure:5675: icc -o conftest -g -O2   conftest.c cfortran_test.o   -L/public/software/mathlib/esmf/intel/6.3.0rp1/lib/libO/Linux.intel.64.intelmpi.default -L/public/software/mathlib/udunits/intel/2.2.26/lib -L/public/software/mathlib/zlib/intel/1.2.11/lib -L/public/software/mathlib/libpng/intel/1.6.34/lib -L/public/software/mathlib/szip/intel/2.1.1/lib -L/public/software/mathlib/hdf5/intel/1.8.12/lib -L/public/software/mathlib/hdf/intel/4.2.10/lib -L/public/software/mathlib/pnetcdf/intel/1.8.1/lib -L/public/software/mathlib/netcdf/intel/4.4.0/lib -L/public/software/mathlib/jpeg/intel/9b/lib -L/public/software/mathlib/nco/intel/4.7.7/lib -L/public/software/compiler/intel/intel-compiler-2017.5.239/compilers_and_libraries_2017.5.239/linux/compiler/lib/intel64_lin -L/public/software/compiler/intel/intel-compiler-2017.5.239/compilers_and_libraries_2017.5.239/linux/mkl/lib/intel64_lin -L/public/software/compiler/intel/intel-compiler-2017.5.239/compilers_and_libraries_2017.5.239/linux/ipp/lib/intel64 -L/public/software/compiler/intel/intel-compiler-2017.5.239/compilers_and_libraries_2017.5.239/linux/tbb/lib/intel64/gcc4.7 -L/public/software/compiler/intel/intel-compiler-2017.5.239/compilers_and_libraries_2017.5.239/linux/daal/lib/intel64_lin -L/public/software/compiler/intel/intel-compiler-2017.5.239/compiler/lib/intel64 -L/public/software/compiler/intel/intel-compiler-2017.5.239/mkl/lib/intel64 -L/public/software/compiler/intel/intel-compiler-2017.5.239/tbb/lib/intel64 -L/usr/lib/gcc/x86_64-redhat-linux/4.8.5/ -L/usr/lib/gcc/x86_64-redhat-linux/4.8.5/../../../../lib64 -L/usr/lib/gcc/x86_64-redhat-linux/4.8.5/../../../../lib64/ -L/lib/../lib64 -L/lib/../lib64/ -L/usr/lib/../lib64 -L/usr/lib/../lib64/ -L/public/software/mathlib/esmf/intel/6.3.0rp1/lib/libO/Linux.intel.64.intelmpi.default/ -L/public/software/mathlib/udunits/intel/2.2.26/lib/ -L/public/software/mathlib/zlib/intel/1.2.11/lib/ -L/public/software/mathlib/libpng/intel/1.6.34/lib/ -L/public/software/mathlib/szip/intel/2.1.1/lib/ -L/public/software/mathlib/hdf5/intel/1.8.12/lib/ -L/public/software/mathlib/hdf/intel/4.2.10/lib/ -L/public/software/mathlib/pnetcdf/intel/1.8.1/lib/ -L/public/software/mathlib/netcdf/intel/4.4.0/lib/ -L/public/software/mathlib/jpeg/intel/9b/lib/ -L/public/software/mathlib/nco/intel/4.7.7/lib/ -L/public/software/compiler/intel/intel-compiler-2017.5.239/compilers_and_libraries_2017.5.239/linux/compiler/lib/intel64_lin/ -L/public/software/compiler/intel/intel-compiler-2017.5.239/compilers_and_libraries_2017.5.239/linux/mkl/lib/intel64_lin/ -L/public/software/compiler/intel/intel-compiler-2017.5.239/compilers_and_libraries_2017.5.239/linux/ipp/lib/intel64/ -L/public/software/compiler/intel/intel-compiler-2017.5.239/compilers_and_libraries_2017.5.239/linux/tbb/lib/intel64/gcc4.7/ -L/public/software/compiler/intel/intel-compiler-2017.5.239/compilers_and_libraries_2017.5.239/linux/daal/lib/intel64_lin/ -L/public/software/compiler/intel/intel-compiler-2017.5.239/mkl/lib/intel64/ -L/public/software/compiler/intel/intel-compiler-2017.5.239/tbb/lib/intel64/ -L/usr/lib/gcc/x86_64-redhat-linux/4.8.5/../../../ -L/lib64 -L/lib/ -L/usr/lib64 -L/usr/lib -lifport -lifcoremt -limf -lsvml -lm -lipgo -lirc -lpthread -lirc_s -ldl >&5
configure:5682: $? = 0
configure:5764: icc -o conftest -g -O2   conftest.c cfortran_test.o   -L/public/software/mathlib/esmf/intel/6.3.0rp1/lib/libO/Linux.intel.64.intelmpi.default -L/public/software/mathlib/udunits/intel/2.2.26/lib -L/public/software/mathlib/zlib/intel/1.2.11/lib -L/public/software/mathlib/libpng/intel/1.6.34/lib -L/public/software/mathlib/szip/intel/2.1.1/lib -L/public/software/mathlib/hdf5/intel/1.8.12/lib -L/public/software/mathlib/hdf/intel/4.2.10/lib -L/public/software/mathlib/pnetcdf/intel/1.8.1/lib -L/public/software/mathlib/netcdf/intel/4.4.0/lib -L/public/software/mathlib/jpeg/intel/9b/lib -L/public/software/mathlib/nco/intel/4.7.7/lib -L/public/software/compiler/intel/intel-compiler-2017.5.239/compilers_and_libraries_2017.5.239/linux/compiler/lib/intel64_lin -L/public/software/compiler/intel/intel-compiler-2017.5.239/compilers_and_libraries_2017.5.239/linux/mkl/lib/intel64_lin -L/public/software/compiler/intel/intel-compiler-2017.5.239/compilers_and_libraries_2017.5.239/linux/ipp/lib/intel64 -L/public/software/compiler/intel/intel-compiler-2017.5.239/compilers_and_libraries_2017.5.239/linux/tbb/lib/intel64/gcc4.7 -L/public/software/compiler/intel/intel-compiler-2017.5.239/compilers_and_libraries_2017.5.239/linux/daal/lib/intel64_lin -L/public/software/compiler/intel/intel-compiler-2017.5.239/compiler/lib/intel64 -L/public/software/compiler/intel/intel-compiler-2017.5.239/mkl/lib/intel64 -L/public/software/compiler/intel/intel-compiler-2017.5.239/tbb/lib/intel64 -L/usr/lib/gcc/x86_64-redhat-linux/4.8.5/ -L/usr/lib/gcc/x86_64-redhat-linux/4.8.5/../../../../lib64 -L/usr/lib/gcc/x86_64-redhat-linux/4.8.5/../../../../lib64/ -L/lib/../lib64 -L/lib/../lib64/ -L/usr/lib/../lib64 -L/usr/lib/../lib64/ -L/public/software/mathlib/esmf/intel/6.3.0rp1/lib/libO/Linux.intel.64.intelmpi.default/ -L/public/software/mathlib/udunits/intel/2.2.26/lib/ -L/public/software/mathlib/zlib/intel/1.2.11/lib/ -L/public/software/mathlib/libpng/intel/1.6.34/lib/ -L/public/software/mathlib/szip/intel/2.1.1/lib/ -L/public/software/mathlib/hdf5/intel/1.8.12/lib/ -L/public/software/mathlib/hdf/intel/4.2.10/lib/ -L/public/software/mathlib/pnetcdf/intel/1.8.1/lib/ -L/public/software/mathlib/netcdf/intel/4.4.0/lib/ -L/public/software/mathlib/jpeg/intel/9b/lib/ -L/public/software/mathlib/nco/intel/4.7.7/lib/ -L/public/software/compiler/intel/intel-compiler-2017.5.239/compilers_and_libraries_2017.5.239/linux/compiler/lib/intel64_lin/ -L/public/software/compiler/intel/intel-compiler-2017.5.239/compilers_and_libraries_2017.5.239/linux/mkl/lib/intel64_lin/ -L/public/software/compiler/intel/intel-compiler-2017.5.239/compilers_and_libraries_2017.5.239/linux/ipp/lib/intel64/ -L/public/software/compiler/intel/intel-compiler-2017.5.239/compilers_and_libraries_2017.5.239/linux/tbb/lib/intel64/gcc4.7/ -L/public/software/compiler/intel/intel-compiler-2017.5.239/compilers_and_libraries_2017.5.239/linux/daal/lib/intel64_lin/ -L/public/software/compiler/intel/intel-compiler-2017.5.239/mkl/lib/intel64/ -L/public/software/compiler/intel/intel-compiler-2017.5.239/tbb/lib/intel64/ -L/usr/lib/gcc/x86_64-redhat-linux/4.8.5/../../../ -L/lib64 -L/lib/ -L/usr/lib64 -L/usr/lib -lifport -lifcoremt -limf -lsvml -lm -lipgo -lirc -lpthread -lirc_s -ldl >&5
configure:5771: $? = 0
configure:5834: result: lower case, underscore, no extra underscore
configure:5936: checking for cos in -lm
configure:5979: icc -o conftest -g -O2   conftest.c -lm   >&5
configure:5986: $? = 0
configure:6007: result: yes
configure:6049: checking build system type
configure:6067: result: x86_64-unknown-linux-gnu
configure:6089: checking host system type
configure:6104: result: x86_64-unknown-linux-gnu
configure:6126: checking for a sed that does not truncate output
configure:6192: result: /usr/bin/sed
configure:6210: checking for fgrep
configure:6274: result: /usr/bin/grep -F
configure:6309: checking for ld used by icc
configure:6376: result: /usr/bin/ld
configure:6385: checking if the linker (/usr/bin/ld) is GNU ld
configure:6400: result: yes
configure:6412: checking for BSD- or MS-compatible name lister (nm)
configure:6461: result: /usr/bin/nm -B
configure:6579: checking the name lister (/usr/bin/nm -B) interface
configure:6586: icc -c -g -O2  conftest.c >&5
configure:6589: /usr/bin/nm -B "conftest.o"
configure:6592: output
0000000000000000 N .debug_info_seg
0000000000000000 B some_variable
configure:6599: result: BSD nm
configure:6602: checking whether ln -s works
configure:6606: result: yes
configure:6614: checking the maximum length of command line arguments
configure:6734: result: 3458764513820540925
configure:6751: checking whether the shell understands some XSI constructs
configure:6761: result: yes
configure:6765: checking whether the shell understands "+="
configure:6771: result: yes
configure:6806: checking for /usr/bin/ld option to reload object files
configure:6813: result: -r
configure:6882: checking for objdump
configure:6898: found /usr/bin/objdump
configure:6909: result: objdump
configure:6941: checking how to recognize dependent libraries
configure:7137: result: pass_all
configure:7197: checking for ar
configure:7213: found /usr/bin/ar
configure:7224: result: ar
configure:7302: checking for strip
configure:7318: found /usr/bin/strip
configure:7329: result: strip
configure:7401: checking for ranlib
configure:7417: found /usr/bin/ranlib
configure:7428: result: ranlib
configure:7518: checking command to parse /usr/bin/nm -B output from icc object
configure:7636: icc -c -g -O2  conftest.c >&5
configure:7639: $? = 0
configure:7643: /usr/bin/nm -B conftest.o \| sed -n -e 's/^.*[	 ]\([ABCDGIRSTW][ABCDGIRSTW]*\)[	 ][	 ]*\([_A-Za-z][_A-Za-z0-9]*\)$/\1 \2 \2/p' \> conftest.nm
configure:7646: $? = 0
configure:7700: icc -o conftest -g -O2   conftest.c conftstm.o >&5
configure:7703: $? = 0
configure:7741: result: ok
configure:7836: icc -c -g -O2  conftest.c >&5
configure:7839: $? = 0
configure:8622: checking for dlfcn.h
configure:8643: icc -c -g -O2  conftest.c >&5
configure:8650: $? = 0
configure:8667: result: yes
configure:8788: checking for Fortran 77 compiler version
configure:8796: ifort --version >&5
ifort (IFORT) 17.0.5 20170817
Copyright (C) 1985-2017 Intel Corporation.  All rights reserved.

configure:8800: $? = 0
configure:8807: ifort -v >&5
ifort version 17.0.5
configure:8811: $? = 0
configure:8818: ifort -V >&5
Intel(R) Fortran Intel(R) 64 Compiler for applications running on Intel(R) 64, Version 17.0.5.239 Build 20170817
Copyright (C) 1985-2017 Intel Corporation.  All rights reserved.

configure:8822: $? = 0
configure:8830: checking whether we are using the GNU Fortran 77 compiler
configure:8873: result: no
configure:8879: checking whether ifort accepts -g
configure:8919: result: yes
configure:9126: checking for objdir
configure:9141: result: .libs
configure:9433: checking if icc supports -fno-rtti -fno-exceptions
configure:9451: icc -c -g -O2  -fno-rtti -fno-exceptions conftest.c >&5
configure:9455: $? = 0
configure:9468: result: yes
configure:9488: checking for icc option to produce PIC
configure:9760: result: -fPIC -DPIC
configure:9772: checking if icc PIC flag -fPIC -DPIC works
configure:9790: icc -c -g -O2  -fPIC -DPIC -DPIC conftest.c >&5
configure:9794: $? = 0
configure:9807: result: yes
configure:9831: checking if icc static flag -static works
configure:9859: result: no
configure:9874: checking if icc supports -c -o file.o
configure:9895: icc -c -g -O2  -o out/conftest2.o conftest.c >&5
configure:9899: $? = 0
configure:9921: result: yes
configure:9929: checking if icc supports -c -o file.o
configure:9976: result: yes
configure:10009: checking whether the icc linker (/usr/bin/ld -m elf_x86_64) supports shared libraries
configure:11099: result: yes
configure:11136: checking whether -lc should be explicitly linked in
configure:11141: icc -c -g -O2  conftest.c >&5
configure:11144: $? = 0
configure:11159: icc -shared conftest.o  -v -Wl,-soname -Wl,conftest -o conftest 2\>\&1 \| /usr/bin/grep  -lc  \>/dev/null 2\>\&1
configure:11162: $? = 0
configure:11174: result: no
configure:11338: checking dynamic linker characteristics
configure:11789: icc -o conftest -g -O2   -Wl,-rpath -Wl,/foo conftest.c -lm  >&5
configure:11796: $? = 0
configure:12032: result: GNU/Linux ld.so
configure:12134: checking how to hardcode library paths into programs
configure:12159: result: immediate
configure:13048: checking whether stripping libraries is possible
configure:13053: result: yes
configure:13088: checking if libtool supports shared libraries
configure:13090: result: yes
configure:13093: checking whether to build shared libraries
configure:13114: result: yes
configure:13117: checking whether to build static libraries
configure:13121: result: yes
configure:13239: checking if libtool supports shared libraries
configure:13241: result: yes
configure:13244: checking whether to build shared libraries
configure:13264: result: yes
configure:13267: checking whether to build static libraries
configure:13271: result: yes
configure:13285: checking for ifort option to produce PIC
configure:13557: result: -fPIC
configure:13566: checking if ifort PIC flag -fPIC works
configure:13584: ifort -c -g -fPIC conftest.f >&5
configure:13588: $? = 0
configure:13601: result: yes
configure:13622: checking if ifort static flag -static works
configure:13650: result: no
configure:13662: checking if ifort supports -c -o file.o
configure:13683: ifort -c -g -o out/conftest2.o conftest.f >&5
configure:13687: $? = 0
configure:13709: result: yes
configure:13714: checking if ifort supports -c -o file.o
configure:13761: result: yes
configure:13791: checking whether the ifort linker (/usr/bin/ld -m elf_x86_64) supports shared libraries
configure:14845: result: yes
configure:14982: checking dynamic linker characteristics
configure:15363: ifort -o conftest -g  -Wl,-rpath -Wl,/foo conftest.f -lm  >&5
configure:15370: $? = 0
configure:15606: result: GNU/Linux ld.so
configure:15657: checking how to hardcode library paths into programs
configure:15682: result: immediate
configure:15862: creating ./config.status

## ---------------------- ##
## Running config.status. ##
## ---------------------- ##

This file was extended by picogrib config.status 2.6, which was
generated by GNU Autoconf 2.63.  Invocation command line was

  CONFIG_FILES    = 
  CONFIG_HEADERS  = 
  CONFIG_LINKS    = 
  CONFIG_COMMANDS = 
  $ ./config.status 

on mgt

config.status:1061: creating Makefile
config.status:1061: creating config.h
config.status:1335: executing depfiles commands
config.status:1335: executing libtool commands

## ---------------- ##
## Cache variables. ##
## ---------------- ##

ac_cv_build=x86_64-unknown-linux-gnu
ac_cv_c_bigendian=no
ac_cv_c_compiler_gnu=yes
ac_cv_env_CC_set=set
ac_cv_env_CC_value=icc
ac_cv_env_CFLAGS_set=
ac_cv_env_CFLAGS_value=
ac_cv_env_CPPFLAGS_set=
ac_cv_env_CPPFLAGS_value=
ac_cv_env_CPP_set=
ac_cv_env_CPP_value=
ac_cv_env_F77_set=set
ac_cv_env_F77_value=ifort
ac_cv_env_FFLAGS_set=
ac_cv_env_FFLAGS_value=
ac_cv_env_LDFLAGS_set=
ac_cv_env_LDFLAGS_value=
ac_cv_env_LIBS_set=
ac_cv_env_LIBS_value=
ac_cv_env_build_alias_set=
ac_cv_env_build_alias_value=
ac_cv_env_host_alias_set=
ac_cv_env_host_alias_value=
ac_cv_env_target_alias_set=
ac_cv_env_target_alias_value=
ac_cv_f77_compiler_gnu=no
ac_cv_f77_dummy_main=none
ac_cv_f77_libs=' -L/public/software/mathlib/esmf/intel/6.3.0rp1/lib/libO/Linux.intel.64.intelmpi.default -L/public/software/mathlib/udunits/intel/2.2.26/lib -L/public/software/mathlib/zlib/intel/1.2.11/lib -L/public/software/mathlib/libpng/intel/1.6.34/lib -L/public/software/mathlib/szip/intel/2.1.1/lib -L/public/software/mathlib/hdf5/intel/1.8.12/lib -L/public/software/mathlib/hdf/intel/4.2.10/lib -L/public/software/mathlib/pnetcdf/intel/1.8.1/lib -L/public/software/mathlib/netcdf/intel/4.4.0/lib -L/public/software/mathlib/jpeg/intel/9b/lib -L/public/software/mathlib/nco/intel/4.7.7/lib -L/public/software/compiler/intel/intel-compiler-2017.5.239/compilers_and_libraries_2017.5.239/linux/compiler/lib/intel64_lin -L/public/software/compiler/intel/intel-compiler-2017.5.239/compilers_and_libraries_2017.5.239/linux/mkl/lib/intel64_lin -L/public/software/compiler/intel/intel-compiler-2017.5.239/compilers_and_libraries_2017.5.239/linux/ipp/lib/intel64 -L/public/software/compiler/intel/intel-compiler-2017.5.239/compilers_and_libraries_2017.5.239/linux/tbb/lib/intel64/gcc4.7 -L/public/software/compiler/intel/intel-compiler-2017.5.239/compilers_and_libraries_2017.5.239/linux/daal/lib/intel64_lin -L/public/software/compiler/intel/intel-compiler-2017.5.239/compiler/lib/intel64 -L/public/software/compiler/intel/intel-compiler-2017.5.239/mkl/lib/intel64 -L/public/software/compiler/intel/intel-compiler-2017.5.239/tbb/lib/intel64 -L/usr/lib/gcc/x86_64-redhat-linux/4.8.5/ -L/usr/lib/gcc/x86_64-redhat-linux/4.8.5/../../../../lib64 -L/usr/lib/gcc/x86_64-redhat-linux/4.8.5/../../../../lib64/ -L/lib/../lib64 -L/lib/../lib64/ -L/usr/lib/../lib64 -L/usr/lib/../lib64/ -L/public/software/mathlib/esmf/intel/6.3.0rp1/lib/libO/Linux.intel.64.intelmpi.default/ -L/public/software/mathlib/udunits/intel/2.2.26/lib/ -L/public/software/mathlib/zlib/intel/1.2.11/lib/ -L/public/software/mathlib/libpng/intel/1.6.34/lib/ -L/public/software/mathlib/szip/intel/2.1.1/lib/ -L/public/software/mathlib/hdf5/intel/1.8.12/lib/ -L/public/software/mathlib/hdf/intel/4.2.10/lib/ -L/public/software/mathlib/pnetcdf/intel/1.8.1/lib/ -L/public/software/mathlib/netcdf/intel/4.4.0/lib/ -L/public/software/mathlib/jpeg/intel/9b/lib/ -L/public/software/mathlib/nco/intel/4.7.7/lib/ -L/public/software/compiler/intel/intel-compiler-2017.5.239/compilers_and_libraries_2017.5.239/linux/compiler/lib/intel64_lin/ -L/public/software/compiler/intel/intel-compiler-2017.5.239/compilers_and_libraries_2017.5.239/linux/mkl/lib/intel64_lin/ -L/public/software/compiler/intel/intel-compiler-2017.5.239/compilers_and_libraries_2017.5.239/linux/ipp/lib/intel64/ -L/public/software/compiler/intel/intel-compiler-2017.5.239/compilers_and_libraries_2017.5.239/linux/tbb/lib/intel64/gcc4.7/ -L/public/software/compiler/intel/intel-compiler-2017.5.239/compilers_and_libraries_2017.5.239/linux/daal/lib/intel64_lin/ -L/public/software/compiler/intel/intel-compiler-2017.5.239/mkl/lib/intel64/ -L/public/software/compiler/intel/intel-compiler-2017.5.239/tbb/lib/intel64/ -L/usr/lib/gcc/x86_64-redhat-linux/4.8.5/../../../ -L/lib64 -L/lib/ -L/usr/lib64 -L/usr/lib -lifport -lifcoremt -limf -lsvml -lm -lipgo -lirc -lpthread -lirc_s -ldl'
ac_cv_f77_mangling='lower case, underscore, no extra underscore'
ac_cv_fortran_dummy_main=none
ac_cv_func_getopt_long=yes
ac_cv_header_dlfcn_h=yes
ac_cv_header_inttypes_h=yes
ac_cv_header_memory_h=yes
ac_cv_header_stdc=yes
ac_cv_header_stdint_h=yes
ac_cv_header_stdlib_h=yes
ac_cv_header_string_h=yes
ac_cv_header_strings_h=yes
ac_cv_header_sys_stat_h=yes
ac_cv_header_sys_types_h=yes
ac_cv_header_unistd_h=yes
ac_cv_host=x86_64-unknown-linux-gnu
ac_cv_lib_m_cos=yes
ac_cv_objext=o
ac_cv_path_EGREP='/usr/bin/grep -E'
ac_cv_path_FGREP='/usr/bin/grep -F'
ac_cv_path_GREP=/usr/bin/grep
ac_cv_path_SED=/usr/bin/sed
ac_cv_path_install='/usr/bin/install -c'
ac_cv_path_mkdir=/usr/bin/mkdir
ac_cv_prog_AWK=gawk
ac_cv_prog_CPP='icc -E'
ac_cv_prog_ac_ct_AR=ar
ac_cv_prog_ac_ct_CC=icc
ac_cv_prog_ac_ct_OBJDUMP=objdump
ac_cv_prog_ac_ct_RANLIB=ranlib
ac_cv_prog_ac_ct_STRIP=strip
ac_cv_prog_cc_c89=
ac_cv_prog_cc_g=yes
ac_cv_prog_f77_g=yes
ac_cv_prog_f77_v=-v
ac_cv_prog_make_make_set=yes
am_cv_CC_dependencies_compiler_type=gcc3
lt_cv_deplibs_check_method=pass_all
lt_cv_file_magic_cmd='$MAGIC_CMD'
lt_cv_file_magic_test_file=
lt_cv_ld_reload_flag=-r
lt_cv_nm_interface='BSD nm'
lt_cv_objdir=.libs
lt_cv_path_LD=/usr/bin/ld
lt_cv_path_NM='/usr/bin/nm -B'
lt_cv_prog_compiler_c_o=yes
lt_cv_prog_compiler_c_o_F77=yes
lt_cv_prog_compiler_pic_works=yes
lt_cv_prog_compiler_pic_works_F77=yes
lt_cv_prog_compiler_rtti_exceptions=yes
lt_cv_prog_compiler_static_works=no
lt_cv_prog_compiler_static_works_F77=no
lt_cv_prog_gnu_ld=yes
lt_cv_sys_global_symbol_pipe='sed -n -e '\''s/^.*[	 ]\([ABCDGIRSTW][ABCDGIRSTW]*\)[	 ][	 ]*\([_A-Za-z][_A-Za-z0-9]*\)$/\1 \2 \2/p'\'''
lt_cv_sys_global_symbol_to_c_name_address='sed -n -e '\''s/^: \([^ ]*\) $/  {\"\1\", (void *) 0},/p'\'' -e '\''s/^[ABCDGIRSTW]* \([^ ]*\) \([^ ]*\)$/  {"\2", (void *) \&\2},/p'\'''
lt_cv_sys_global_symbol_to_c_name_address_lib_prefix='sed -n -e '\''s/^: \([^ ]*\) $/  {\"\1\", (void *) 0},/p'\'' -e '\''s/^[ABCDGIRSTW]* \([^ ]*\) \(lib[^ ]*\)$/  {"\2", (void *) \&\2},/p'\'' -e '\''s/^[ABCDGIRSTW]* \([^ ]*\) \([^ ]*\)$/  {"lib\2", (void *) \&\2},/p'\'''
lt_cv_sys_global_symbol_to_cdecl='sed -n -e '\''s/^T .* \(.*\)$/extern int \1();/p'\'' -e '\''s/^[ABCDGIRSTW]* .* \(.*\)$/extern char \1;/p'\'''
lt_cv_sys_max_cmd_len=3458764513820540925

## ----------------- ##
## Output variables. ##
## ----------------- ##

ACLOCAL='${SHELL} /public/home/students/yangl/github/vis5d-tools/picogrib-2.6/missing --run aclocal-1.11'
AMDEPBACKSLASH='\'
AMDEP_FALSE='#'
AMDEP_TRUE=''
AMTAR='${SHELL} /public/home/students/yangl/github/vis5d-tools/picogrib-2.6/missing --run tar'
AR='ar'
AUTOCONF='${SHELL} /public/home/students/yangl/github/vis5d-tools/picogrib-2.6/missing --run autoconf'
AUTOHEADER='${SHELL} /public/home/students/yangl/github/vis5d-tools/picogrib-2.6/missing --run autoheader'
AUTOMAKE='${SHELL} /public/home/students/yangl/github/vis5d-tools/picogrib-2.6/missing --run automake-1.11'
AWK='gawk'
CC='icc'
CCDEPMODE='depmode=gcc3'
CFLAGS='-g -O2'
CPP='icc -E'
CPPFLAGS=''
CYGPATH_W='echo'
DEFS='-DHAVE_CONFIG_H'
DEPDIR='.deps'
DSYMUTIL=''
DUMPBIN=''
ECHO_C=''
ECHO_N='-n'
ECHO_T=''
EGREP='/usr/bin/grep -E'
EXEEXT=''
F77='ifort'
FFLAGS='-g'
FGREP='/usr/bin/grep -F'
FLIBS=' -L/public/software/mathlib/esmf/intel/6.3.0rp1/lib/libO/Linux.intel.64.intelmpi.default -L/public/software/mathlib/udunits/intel/2.2.26/lib -L/public/software/mathlib/zlib/intel/1.2.11/lib -L/public/software/mathlib/libpng/intel/1.6.34/lib -L/public/software/mathlib/szip/intel/2.1.1/lib -L/public/software/mathlib/hdf5/intel/1.8.12/lib -L/public/software/mathlib/hdf/intel/4.2.10/lib -L/public/software/mathlib/pnetcdf/intel/1.8.1/lib -L/public/software/mathlib/netcdf/intel/4.4.0/lib -L/public/software/mathlib/jpeg/intel/9b/lib -L/public/software/mathlib/nco/intel/4.7.7/lib -L/public/software/compiler/intel/intel-compiler-2017.5.239/compilers_and_libraries_2017.5.239/linux/compiler/lib/intel64_lin -L/public/software/compiler/intel/intel-compiler-2017.5.239/compilers_and_libraries_2017.5.239/linux/mkl/lib/intel64_lin -L/public/software/compiler/intel/intel-compiler-2017.5.239/compilers_and_libraries_2017.5.239/linux/ipp/lib/intel64 -L/public/software/compiler/intel/intel-compiler-2017.5.239/compilers_and_libraries_2017.5.239/linux/tbb/lib/intel64/gcc4.7 -L/public/software/compiler/intel/intel-compiler-2017.5.239/compilers_and_libraries_2017.5.239/linux/daal/lib/intel64_lin -L/public/software/compiler/intel/intel-compiler-2017.5.239/compiler/lib/intel64 -L/public/software/compiler/intel/intel-compiler-2017.5.239/mkl/lib/intel64 -L/public/software/compiler/intel/intel-compiler-2017.5.239/tbb/lib/intel64 -L/usr/lib/gcc/x86_64-redhat-linux/4.8.5/ -L/usr/lib/gcc/x86_64-redhat-linux/4.8.5/../../../../lib64 -L/usr/lib/gcc/x86_64-redhat-linux/4.8.5/../../../../lib64/ -L/lib/../lib64 -L/lib/../lib64/ -L/usr/lib/../lib64 -L/usr/lib/../lib64/ -L/public/software/mathlib/esmf/intel/6.3.0rp1/lib/libO/Linux.intel.64.intelmpi.default/ -L/public/software/mathlib/udunits/intel/2.2.26/lib/ -L/public/software/mathlib/zlib/intel/1.2.11/lib/ -L/public/software/mathlib/libpng/intel/1.6.34/lib/ -L/public/software/mathlib/szip/intel/2.1.1/lib/ -L/public/software/mathlib/hdf5/intel/1.8.12/lib/ -L/public/software/mathlib/hdf/intel/4.2.10/lib/ -L/public/software/mathlib/pnetcdf/intel/1.8.1/lib/ -L/public/software/mathlib/netcdf/intel/4.4.0/lib/ -L/public/software/mathlib/jpeg/intel/9b/lib/ -L/public/software/mathlib/nco/intel/4.7.7/lib/ -L/public/software/compiler/intel/intel-compiler-2017.5.239/compilers_and_libraries_2017.5.239/linux/compiler/lib/intel64_lin/ -L/public/software/compiler/intel/intel-compiler-2017.5.239/compilers_and_libraries_2017.5.239/linux/mkl/lib/intel64_lin/ -L/public/software/compiler/intel/intel-compiler-2017.5.239/compilers_and_libraries_2017.5.239/linux/ipp/lib/intel64/ -L/public/software/compiler/intel/intel-compiler-2017.5.239/compilers_and_libraries_2017.5.239/linux/tbb/lib/intel64/gcc4.7/ -L/public/software/compiler/intel/intel-compiler-2017.5.239/compilers_and_libraries_2017.5.239/linux/daal/lib/intel64_lin/ -L/public/software/compiler/intel/intel-compiler-2017.5.239/mkl/lib/intel64/ -L/public/software/compiler/intel/intel-compiler-2017.5.239/tbb/lib/intel64/ -L/usr/lib/gcc/x86_64-redhat-linux/4.8.5/../../../ -L/lib64 -L/lib/ -L/usr/lib64 -L/usr/lib -lifport -lifcoremt -limf -lsvml -lm -lipgo -lirc -lpthread -lirc_s -ldl'
GREP='/usr/bin/grep'
INSTALL_DATA='${INSTALL} -m 644'
INSTALL_PROGRAM='${INSTALL}'
INSTALL_SCRIPT='${INSTALL}'
INSTALL_STRIP_PROGRAM='$(install_sh) -c -s'
LD='/usr/bin/ld -m elf_x86_64'
LDFLAGS=''
LIBOBJS=''
LIBS='-lm '
LIBTOOL='$(SHELL) $(top_builddir)/libtool'
LIPO=''
LN_S='ln -s'
LTLIBOBJS=''
MAKEINFO='${SHELL} /public/home/students/yangl/github/vis5d-tools/picogrib-2.6/missing --run makeinfo'
MKDIR_P='/usr/bin/mkdir -p'
NM='/usr/bin/nm -B'
NMEDIT=''
OBJDUMP='objdump'
OBJEXT='o'
OTOOL64=''
OTOOL=''
PACKAGE='picogrib'
PACKAGE_BUGREPORT='dcesari@arpa.emr.it'
PACKAGE_NAME='picogrib'
PACKAGE_STRING='picogrib 2.6'
PACKAGE_TARNAME='picogrib'
PACKAGE_VERSION='2.6'
PATH_SEPARATOR=':'
RANLIB='ranlib'
SED='/usr/bin/sed'
SET_MAKE=''
SHELL='/bin/sh'
STRIP='strip'
VERSION='2.6'
ac_ct_CC='icc'
ac_ct_DUMPBIN=''
ac_ct_F77=''
am__EXEEXT_FALSE=''
am__EXEEXT_TRUE='#'
am__fastdepCC_FALSE='#'
am__fastdepCC_TRUE=''
am__include='include'
am__isrc=''
am__leading_dot='.'
am__quote=''
am__tar='${AMTAR} chof - "$$tardir"'
am__untar='${AMTAR} xf -'
bindir='${exec_prefix}/bin'
build='x86_64-unknown-linux-gnu'
build_alias=''
build_cpu='x86_64'
build_os='linux-gnu'
build_vendor='unknown'
datadir='${datarootdir}'
datarootdir='${prefix}/share'
docdir='${datarootdir}/doc/${PACKAGE_TARNAME}'
dvidir='${docdir}'
exec_prefix='${prefix}'
host='x86_64-unknown-linux-gnu'
host_alias=''
host_cpu='x86_64'
host_os='linux-gnu'
host_vendor='unknown'
htmldir='${docdir}'
includedir='${prefix}/include'
infodir='${datarootdir}/info'
install_sh='${SHELL} /public/home/students/yangl/github/vis5d-tools/picogrib-2.6/install-sh'
libdir='${exec_prefix}/lib'
libexecdir='${exec_prefix}/libexec'
localedir='${datarootdir}/locale'
localstatedir='${prefix}/var'
lt_ECHO='echo'
mandir='${datarootdir}/man'
mkdir_p='/usr/bin/mkdir -p'
oldincludedir='/usr/include'
pdfdir='${docdir}'
pkgdocdir='${datadir}/doc/${PACKAGE}'
prefix='/public/home/students/yangl/tools/picogrib/2.6'
program_transform_name='s,x,x,'
psdir='${docdir}'
sbindir='${exec_prefix}/sbin'
sharedstatedir='${prefix}/com'
sysconfdir='${prefix}/etc'
target_alias=''

## ----------- ##
## confdefs.h. ##
## ----------- ##

#define PACKAGE_NAME "picogrib"
#define PACKAGE_TARNAME "picogrib"
#define PACKAGE_VERSION "2.6"
#define PACKAGE_STRING "picogrib 2.6"
#define PACKAGE_BUGREPORT "dcesari@arpa.emr.it"
#define PACKAGE "picogrib"
#define VERSION "2.6"
#define HAVE_GETOPT_LONG 1
#define STDC_HEADERS 1
#define HAVE_SYS_TYPES_H 1
#define HAVE_SYS_STAT_H 1
#define HAVE_STDLIB_H 1
#define HAVE_STRING_H 1
#define HAVE_MEMORY_H 1
#define HAVE_STRINGS_H 1
#define HAVE_INTTYPES_H 1
#define HAVE_STDINT_H 1
#define HAVE_UNISTD_H 1
#define F77_FUNC(name,NAME) name ## _
#define F77_FUNC_(name,NAME) name ## _
#define HAVE_LIBM 1
#define HAVE_DLFCN_H 1
#define LT_OBJDIR ".libs/"

configure: exit 0
