This file contains any messages produced by compilers while
running configure, to aid debugging if configure makes a mistake.

It was created by h5utils configure 1.13.1, which was
generated by GNU Autoconf 2.69.  Invocation command line was

  $ ./configure --with-v5d=/public/home/students/yangl/packages/vis5d-5.2 --prefix=/public/home/students/yangl/tools/h5utils/1.13.1

## --------- ##
## Platform. ##
## --------- ##

hostname = mgt
uname -m = x86_64
uname -r = 3.10.0-693.el7.x86_64
uname -s = Linux
uname -v = #1 SMP Tue Aug 22 21:09:27 UTC 2017

/usr/bin/uname -p = x86_64
/bin/uname -X     = unknown

/bin/arch              = x86_64
/usr/bin/arch -k       = unknown
/usr/convex/getsysinfo = unknown
/usr/bin/hostinfo      = unknown
/bin/machine           = unknown
/usr/bin/oslevel       = unknown
/bin/universe          = unknown

PATH: /public/home/students/yangl/tools/anaconda3/bin
PATH: /public/home/students/yangl/tools/anaconda3/bin
PATH: /public/home/students/yangl/tools/anaconda3/bin
PATH: /public/software/mathlib/ncview/intel/2.1.7/bin
PATH: /public/software/mathlib/esmf/intel/6.3.0rp1/bin/binO/Linux.intel.64.intelmpi.default
PATH: /public/software/mathlib/udunits/intel/2.2.26/bin
PATH: /public/software/mathlib/jasper/intel/1.900.1/bin
PATH: /public/software/mathlib/hdf5/intel/1.8.12/bin
PATH: /public/software/mathlib/hdf/intel/4.2.10/bin
PATH: /public/software/mathlib/pnetcdf/intel/1.8.1/bin
PATH: /public/software/mathlib/netcdf/intel/4.4.0/bin/public/software/mathlib/grads/2.2.1/bin
PATH: /public/software/mathlib/nco/intel/4.7.7/bin
PATH: /public/software/mathlib/ncl/6.5.0/bin
PATH: /public/software/compiler/intel/intel-compiler-2017.5.239/compilers_and_libraries_2017.5.239/linux/bin/intel64
PATH: /public/software/compiler/intel/intel-compiler-2017.5.239/compilers_and_libraries_2017.5.239/linux/mpi/intel64/bin
PATH: /public/software/compiler/intel/intel-compiler-2017.5.239/debugger_2017//gdb/intel64_mic/bin
PATH: /public/software/compiler/intel/intel-compiler-2017.5.239/compilers_and_libraries_2017.5.239/linux/mpi/intel64/bin
PATH: /public/software/mathlib/jasper/intel/1.900.1/bin
PATH: /public/software/mathlib/libpng/intel/1.6.34/bin
PATH: /public/software/mathlib/nco/intel/4.7.7/bin
PATH: /public/software/mathlib/ncl/6.5.0/bin
PATH: /public/software/mathlib/netcdf/intel/4.4.0/bin
PATH: /public/software/compiler/intel/intel-compiler-2017.5.239/bin/intel64
PATH: /public/software/mpi/intelmpi/2017.4.239/intel64/bin
PATH: /public/software/apps/python/3.7.2/bin
PATH: ./
PATH: /public/home/students/bin
PATH: /public/home/students/datbin
PATH: /usr/bin
PATH: /sbin
PATH: /bin
PATH: /usr/bin/X11
PATH: /usr/lib/perl5/site_perl
PATH: /opt/gmt/bin
PATH: /opt/bin
PATH: /opt/ncview/bin
PATH: /opt/gridview/slurm/bin
PATH: /public/home/students/yangl/github/pywrf
PATH: /public/home/students/yangl/tools/lrzsz/0.12.20/bin
PATH: /public/home/students/yangl/tools/julia/1.1.1/bin
PATH: /public/software/apps/imagemagick/7.0.8/bin
PATH: /public/home/students/yangl/tools/WPSDomainWizard
PATH: /public/software/mathlib/vapor/3.0.0/bin
PATH: /public/home/students/yangl/tools/vis5d/5.2/bin


## ----------- ##
## Core tests. ##
## ----------- ##

configure:2458: checking for a BSD-compatible install
configure:2526: result: /usr/bin/install -c
configure:2537: checking whether build environment is sane
configure:2592: result: yes
configure:2743: checking for a thread-safe mkdir -p
configure:2782: result: /usr/bin/mkdir -p
configure:2789: checking for gawk
configure:2805: found /usr/bin/gawk
configure:2816: result: gawk
configure:2827: checking whether make sets $(MAKE)
configure:2849: result: yes
configure:2878: checking whether make supports nested variables
configure:2895: result: yes
configure:3032: checking whether make supports nested variables
configure:3049: result: yes
configure:3064: checking whether to enable maintainer-specific portions of Makefiles
configure:3073: result: no
configure:3136: checking for gcc
configure:3163: result: icc
configure:3392: checking for C compiler version
configure:3401: icc --version >&5
icc (ICC) 17.0.5 20170817
Copyright (C) 1985-2017 Intel Corporation.  All rights reserved.

configure:3412: $? = 0
configure:3401: icc -v >&5
icc version 17.0.5 (gcc version 4.8.5 compatibility)
configure:3412: $? = 0
configure:3401: icc -V >&5
Intel(R) C Intel(R) 64 Compiler for applications running on Intel(R) 64, Version 17.0.5.239 Build 20170817
Copyright (C) 1985-2017 Intel Corporation.  All rights reserved.

configure:3412: $? = 0
configure:3401: icc -qversion >&5
icc: command line warning #10006: ignoring unknown option '-qversion'
icc: command line error: no files specified; for help type "icc -help"
configure:3412: $? = 1
configure:3432: checking whether the C compiler works
configure:3454: icc    conftest.c  >&5
configure:3458: $? = 0
configure:3506: result: yes
configure:3509: checking for C compiler default output file name
configure:3511: result: a.out
configure:3517: checking for suffix of executables
configure:3524: icc -o conftest    conftest.c  >&5
configure:3528: $? = 0
configure:3550: result: 
configure:3572: checking whether we are cross compiling
configure:3580: icc -o conftest    conftest.c  >&5
configure:3584: $? = 0
configure:3591: ./conftest
configure:3595: $? = 0
configure:3610: result: no
configure:3615: checking for suffix of object files
configure:3637: icc -c   conftest.c >&5
configure:3641: $? = 0
configure:3662: result: o
configure:3666: checking whether we are using the GNU C compiler
configure:3685: icc -c   conftest.c >&5
configure:3685: $? = 0
configure:3694: result: yes
configure:3703: checking whether icc accepts -g
configure:3723: icc -c -g  conftest.c >&5
configure:3723: $? = 0
configure:3764: result: yes
configure:3781: checking for icc option to accept ISO C89
configure:3844: icc  -c -g -O2  conftest.c >&5
configure:3844: $? = 0
configure:3857: result: none needed
configure:3882: checking whether icc understands -c and -o together
configure:3904: icc -c conftest.c -o conftest2.o
configure:3907: $? = 0
configure:3904: icc -c conftest.c -o conftest2.o
configure:3907: $? = 0
configure:3919: result: yes
configure:3947: checking for style of include used by make
configure:3975: result: GNU
configure:4001: checking dependency style of icc
configure:4112: result: gcc3
configure:4136: checking how to run the C preprocessor
configure:4167: icc -E  conftest.c
configure:4167: $? = 0
configure:4181: icc -E  conftest.c
conftest.c(11): error #2379: cannot open source file "ac_nonexistent.h"
  #include <ac_nonexistent.h>
                             ^

configure:4181: $? = 2
configure: failed program was:
| /* confdefs.h */
| #define PACKAGE_NAME "h5utils"
| #define PACKAGE_TARNAME "h5utils"
| #define PACKAGE_VERSION "1.13.1"
| #define PACKAGE_STRING "h5utils 1.13.1"
| #define PACKAGE_BUGREPORT "stevenj@alum.mit.edu"
| #define PACKAGE_URL ""
| #define PACKAGE "h5utils"
| #define VERSION "1.13.1"
| /* end confdefs.h.  */
| #include <ac_nonexistent.h>
configure:4206: result: icc -E
configure:4226: icc -E  conftest.c
configure:4226: $? = 0
configure:4240: icc -E  conftest.c
conftest.c(11): error #2379: cannot open source file "ac_nonexistent.h"
  #include <ac_nonexistent.h>
                             ^

configure:4240: $? = 2
configure: failed program was:
| /* confdefs.h */
| #define PACKAGE_NAME "h5utils"
| #define PACKAGE_TARNAME "h5utils"
| #define PACKAGE_VERSION "1.13.1"
| #define PACKAGE_STRING "h5utils 1.13.1"
| #define PACKAGE_BUGREPORT "stevenj@alum.mit.edu"
| #define PACKAGE_URL ""
| #define PACKAGE "h5utils"
| #define VERSION "1.13.1"
| /* end confdefs.h.  */
| #include <ac_nonexistent.h>
configure:4269: checking for grep that handles long lines and -e
configure:4327: result: /usr/bin/grep
configure:4332: checking for egrep
configure:4394: result: /usr/bin/grep -E
configure:4399: checking for ANSI C header files
configure:4419: icc -c -g -O2  conftest.c >&5
configure:4419: $? = 0
configure:4492: icc -o conftest -g -O2   conftest.c  >&5
configure:4492: $? = 0
configure:4492: ./conftest
configure:4492: $? = 0
configure:4503: result: yes
configure:4512: checking for sin in -lm
configure:4537: icc -o conftest -g -O2   conftest.c -lm   >&5
configure:4537: $? = 0
configure:4546: result: yes
configure:4559: checking for snprintf
configure:4559: icc -o conftest -g -O2   conftest.c -lm  >&5
configure:4559: $? = 0
configure:4559: result: yes
configure:4589: checking for inflate in -lz
configure:4614: icc -o conftest -g -O2   conftest.c -lz  -lm  >&5
configure:4614: $? = 0
configure:4623: result: yes
configure:4634: checking for png_create_write_struct in -lpng
configure:4659: icc -o conftest -g -O2   conftest.c -lpng  -lz -lm  >&5
configure:4659: $? = 0
configure:4668: result: yes
configure:4699: checking for evaluator_get_variables in -lmatheval
configure:4724: icc -o conftest -g -O2   conftest.c -lmatheval  -lz -lm  >&5
ld: cannot find -lmatheval
configure:4724: $? = 1
configure: failed program was:
| /* confdefs.h */
| #define PACKAGE_NAME "h5utils"
| #define PACKAGE_TARNAME "h5utils"
| #define PACKAGE_VERSION "1.13.1"
| #define PACKAGE_STRING "h5utils 1.13.1"
| #define PACKAGE_BUGREPORT "stevenj@alum.mit.edu"
| #define PACKAGE_URL ""
| #define PACKAGE "h5utils"
| #define VERSION "1.13.1"
| #define STDC_HEADERS 1
| #define HAVE_LIBM 1
| #define HAVE_SNPRINTF 1
| /* end confdefs.h.  */
| 
| /* Override any GCC internal prototype to avoid an error.
|    Use char because int might match the return type of a GCC
|    builtin and then its argument prototype would still apply.  */
| #ifdef __cplusplus
| extern "C"
| #endif
| char evaluator_get_variables ();
| int
| main ()
| {
| return evaluator_get_variables ();
|   ;
|   return 0;
| }
configure:4733: result: no
configure:4746: WARNING: can't find libmatheval: won't be able to compile h5math
configure:4756: checking for h4toh5
configure:4786: result: no
configure:4793: checking for h5toh4
configure:4823: result: no
configure:4847: checking for jpeg_start_compress in -ljpeg
configure:4872: icc -o conftest -g -O2   conftest.c -ljpeg  -lz -lm  >&5
configure:4872: $? = 0
configure:4881: result: yes
configure:4884: checking for DFSDgetdata in -ldf
configure:4909: icc -o conftest -g -O2   conftest.c -ldf -ljpeg -lz -lm  >&5
configure:4909: $? = 0
configure:4918: result: yes
configure:4949: checking for sys/types.h
configure:4949: icc -c -g -O2  conftest.c >&5
configure:4949: $? = 0
configure:4949: result: yes
configure:4949: checking for sys/stat.h
configure:4949: icc -c -g -O2  conftest.c >&5
configure:4949: $? = 0
configure:4949: result: yes
configure:4949: checking for stdlib.h
configure:4949: icc -c -g -O2  conftest.c >&5
configure:4949: $? = 0
configure:4949: result: yes
configure:4949: checking for string.h
configure:4949: icc -c -g -O2  conftest.c >&5
configure:4949: $? = 0
configure:4949: result: yes
configure:4949: checking for memory.h
configure:4949: icc -c -g -O2  conftest.c >&5
configure:4949: $? = 0
configure:4949: result: yes
configure:4949: checking for strings.h
configure:4949: icc -c -g -O2  conftest.c >&5
configure:4949: $? = 0
configure:4949: result: yes
configure:4949: checking for inttypes.h
configure:4949: icc -c -g -O2  conftest.c >&5
configure:4949: $? = 0
configure:4949: result: yes
configure:4949: checking for stdint.h
configure:4949: icc -c -g -O2  conftest.c >&5
configure:4949: $? = 0
configure:4949: result: yes
configure:4949: checking for unistd.h
configure:4949: icc -c -g -O2  conftest.c >&5
configure:4949: $? = 0
configure:4949: result: yes
configure:4964: checking hdf.h usability
configure:4964: icc -c -g -O2  conftest.c >&5
configure:4964: $? = 0
configure:4964: result: yes
configure:4964: checking hdf.h presence
configure:4964: icc -E  conftest.c
configure:4964: $? = 0
configure:4964: result: yes
configure:4964: checking for hdf.h
configure:4964: result: yes
configure:4964: checking hdf/hdf.h usability
configure:4964: icc -c -g -O2  conftest.c >&5
conftest.c(57): catastrophic error: cannot open source file "hdf/hdf.h"
  #include <hdf/hdf.h>
                      ^

compilation aborted for conftest.c (code 4)
configure:4964: $? = 4
configure: failed program was:
| /* confdefs.h */
| #define PACKAGE_NAME "h5utils"
| #define PACKAGE_TARNAME "h5utils"
| #define PACKAGE_VERSION "1.13.1"
| #define PACKAGE_STRING "h5utils 1.13.1"
| #define PACKAGE_BUGREPORT "stevenj@alum.mit.edu"
| #define PACKAGE_URL ""
| #define PACKAGE "h5utils"
| #define VERSION "1.13.1"
| #define STDC_HEADERS 1
| #define HAVE_LIBM 1
| #define HAVE_SNPRINTF 1
| #define HAVE_SYS_TYPES_H 1
| #define HAVE_SYS_STAT_H 1
| #define HAVE_STDLIB_H 1
| #define HAVE_STRING_H 1
| #define HAVE_MEMORY_H 1
| #define HAVE_STRINGS_H 1
| #define HAVE_INTTYPES_H 1
| #define HAVE_STDINT_H 1
| #define HAVE_UNISTD_H 1
| #define HAVE_HDF_H 1
| /* end confdefs.h.  */
| #include <stdio.h>
| #ifdef HAVE_SYS_TYPES_H
| # include <sys/types.h>
| #endif
| #ifdef HAVE_SYS_STAT_H
| # include <sys/stat.h>
| #endif
| #ifdef STDC_HEADERS
| # include <stdlib.h>
| # include <stddef.h>
| #else
| # ifdef HAVE_STDLIB_H
| #  include <stdlib.h>
| # endif
| #endif
| #ifdef HAVE_STRING_H
| # if !defined STDC_HEADERS && defined HAVE_MEMORY_H
| #  include <memory.h>
| # endif
| # include <string.h>
| #endif
| #ifdef HAVE_STRINGS_H
| # include <strings.h>
| #endif
| #ifdef HAVE_INTTYPES_H
| # include <inttypes.h>
| #endif
| #ifdef HAVE_STDINT_H
| # include <stdint.h>
| #endif
| #ifdef HAVE_UNISTD_H
| # include <unistd.h>
| #endif
| #include <hdf/hdf.h>
configure:4964: result: no
configure:4964: checking hdf/hdf.h presence
configure:4964: icc -E  conftest.c
conftest.c(24): error #2379: cannot open source file "hdf/hdf.h"
  #include <hdf/hdf.h>
                      ^

configure:4964: $? = 2
configure: failed program was:
| /* confdefs.h */
| #define PACKAGE_NAME "h5utils"
| #define PACKAGE_TARNAME "h5utils"
| #define PACKAGE_VERSION "1.13.1"
| #define PACKAGE_STRING "h5utils 1.13.1"
| #define PACKAGE_BUGREPORT "stevenj@alum.mit.edu"
| #define PACKAGE_URL ""
| #define PACKAGE "h5utils"
| #define VERSION "1.13.1"
| #define STDC_HEADERS 1
| #define HAVE_LIBM 1
| #define HAVE_SNPRINTF 1
| #define HAVE_SYS_TYPES_H 1
| #define HAVE_SYS_STAT_H 1
| #define HAVE_STDLIB_H 1
| #define HAVE_STRING_H 1
| #define HAVE_MEMORY_H 1
| #define HAVE_STRINGS_H 1
| #define HAVE_INTTYPES_H 1
| #define HAVE_STDINT_H 1
| #define HAVE_UNISTD_H 1
| #define HAVE_HDF_H 1
| /* end confdefs.h.  */
| #include <hdf/hdf.h>
configure:4964: result: no
configure:4964: checking for hdf/hdf.h
configure:4964: result: no
configure:4979: checking for H5Fopen in -lhdf5
configure:5004: icc -o conftest -g -O2   conftest.c -lhdf5  -lz -lm  >&5
configure:5004: $? = 0
configure:5013: result: yes
configure:5041: checking for mkoctfile
configure:5071: result: no
configure:5081: WARNING: can't find mkoctfile: won't be able to compile h5read.oct
configure:5274: checking for Vis5d object files and headers
configure:5284: result: not found
configure:5286: error: couldn't read Vis5D object files in /public/home/students/yangl/packages/vis5d-5.2

## ---------------- ##
## Cache variables. ##
## ---------------- ##

ac_cv_c_compiler_gnu=yes
ac_cv_env_CC_set=set
ac_cv_env_CC_value=icc
ac_cv_env_CFLAGS_set=
ac_cv_env_CFLAGS_value=
ac_cv_env_CPPFLAGS_set=
ac_cv_env_CPPFLAGS_value=
ac_cv_env_CPP_set=
ac_cv_env_CPP_value=
ac_cv_env_LDFLAGS_set=
ac_cv_env_LDFLAGS_value=
ac_cv_env_LIBS_set=
ac_cv_env_LIBS_value=
ac_cv_env_build_alias_set=
ac_cv_env_build_alias_value=
ac_cv_env_host_alias_set=
ac_cv_env_host_alias_value=
ac_cv_env_target_alias_set=
ac_cv_env_target_alias_value=
ac_cv_func_snprintf=yes
ac_cv_header_hdf_h=yes
ac_cv_header_hdf_hdf_h=no
ac_cv_header_inttypes_h=yes
ac_cv_header_memory_h=yes
ac_cv_header_stdc=yes
ac_cv_header_stdint_h=yes
ac_cv_header_stdlib_h=yes
ac_cv_header_string_h=yes
ac_cv_header_strings_h=yes
ac_cv_header_sys_stat_h=yes
ac_cv_header_sys_types_h=yes
ac_cv_header_unistd_h=yes
ac_cv_lib_df_DFSDgetdata=yes
ac_cv_lib_hdf5_H5Fopen=yes
ac_cv_lib_jpeg_jpeg_start_compress=yes
ac_cv_lib_m_sin=yes
ac_cv_lib_matheval_evaluator_get_variables=no
ac_cv_lib_png_png_create_write_struct=yes
ac_cv_lib_z_inflate=yes
ac_cv_objext=o
ac_cv_path_EGREP='/usr/bin/grep -E'
ac_cv_path_GREP=/usr/bin/grep
ac_cv_path_install='/usr/bin/install -c'
ac_cv_path_mkdir=/usr/bin/mkdir
ac_cv_prog_AWK=gawk
ac_cv_prog_CPP='icc -E'
ac_cv_prog_ac_ct_CC=icc
ac_cv_prog_cc_c89=
ac_cv_prog_cc_g=yes
ac_cv_prog_make_make_set=yes
am_cv_CC_dependencies_compiler_type=gcc3
am_cv_make_support_nested_variables=yes
am_cv_prog_cc_c_o=yes

## ----------------- ##
## Output variables. ##
## ----------------- ##

ACLOCAL='${SHELL} /public/home/students/yangl/github/vis5d-tools/h5utils/1.13.1/missing aclocal-1.15'
AMDEPBACKSLASH='\'
AMDEP_FALSE='#'
AMDEP_TRUE=''
AMTAR='$${TAR-tar}'
AM_BACKSLASH='\'
AM_DEFAULT_V='$(AM_DEFAULT_VERBOSITY)'
AM_DEFAULT_VERBOSITY='0'
AM_V='$(V)'
AUTOCONF='${SHELL} /public/home/students/yangl/github/vis5d-tools/h5utils/1.13.1/missing autoconf'
AUTOHEADER='${SHELL} /public/home/students/yangl/github/vis5d-tools/h5utils/1.13.1/missing autoheader'
AUTOMAKE='${SHELL} /public/home/students/yangl/github/vis5d-tools/h5utils/1.13.1/missing automake-1.15'
AWK='gawk'
CC='icc'
CCDEPMODE='depmode=gcc3'
CFLAGS='-g -O2'
CPP='icc -E'
CPPFLAGS=''
CYGPATH_W='echo'
DEFS=''
DEPDIR='.deps'
ECHO_C=''
ECHO_N='-n'
ECHO_T=''
EGREP='/usr/bin/grep -E'
EXEEXT=''
GREP='/usr/bin/grep'
H4TOH5=''
H4_LIBS='-ldf -ljpeg'
H5READ=''
H5TOH4=''
H5TOPNG_MAN='doc/man/h5topng.1'
INSTALL_DATA='${INSTALL} -m 644'
INSTALL_PROGRAM='${INSTALL}'
INSTALL_SCRIPT='${INSTALL}'
INSTALL_STRIP_PROGRAM='$(install_sh) -c -s'
LDFLAGS=''
LIBOBJS=''
LIBS='-lhdf5 -lz -lm '
LTLIBOBJS=''
MAINT='#'
MAINTAINER_MODE_FALSE=''
MAINTAINER_MODE_TRUE='#'
MAKEINFO='${SHELL} /public/home/students/yangl/github/vis5d-tools/h5utils/1.13.1/missing makeinfo'
MKDIR_P='/usr/bin/mkdir -p'
MKOCTFILE='echo'
MORE_H5UTILS='h4fromh5$(EXEEXT) h5fromh4$(EXEEXT) h5topng$(EXEEXT) '
MORE_H5UTILS_MANS='doc/man/h5fromh4.1 '
OBJEXT='o'
OCTAVE=''
OCTAVE_CONFIG=''
OCT_INSTALL_DIR=''
PACKAGE='h5utils'
PACKAGE_BUGREPORT='stevenj@alum.mit.edu'
PACKAGE_NAME='h5utils'
PACKAGE_STRING='h5utils 1.13.1'
PACKAGE_TARNAME='h5utils'
PACKAGE_URL=''
PACKAGE_VERSION='1.13.1'
PATH_SEPARATOR=':'
PNG_LIBS='-lpng'
SET_MAKE=''
SHELL='/bin/sh'
STRIP=''
V5D_FILES=''
V5D_INCLUDES=''
VERSION='1.13.1'
ac_ct_CC='icc'
am__EXEEXT_FALSE=''
am__EXEEXT_TRUE=''
am__fastdepCC_FALSE='#'
am__fastdepCC_TRUE=''
am__include='include'
am__isrc=''
am__leading_dot='.'
am__nodep='_no'
am__quote=''
am__tar='$${TAR-tar} chof - "$$tardir"'
am__untar='$${TAR-tar} xf -'
bindir='${exec_prefix}/bin'
build_alias=''
datadir='${datarootdir}'
datadir_val=''
datarootdir='${prefix}/share'
docdir='${datarootdir}/doc/${PACKAGE_TARNAME}'
dvidir='${docdir}'
exec_prefix='NONE'
host_alias=''
htmldir='${docdir}'
includedir='${prefix}/include'
infodir='${datarootdir}/info'
install_sh='${SHELL} /public/home/students/yangl/github/vis5d-tools/h5utils/1.13.1/install-sh'
libdir='${exec_prefix}/lib'
libexecdir='${exec_prefix}/libexec'
localedir='${datarootdir}/locale'
localstatedir='${prefix}/var'
mandir='${datarootdir}/man'
mkdir_p='$(MKDIR_P)'
oldincludedir='/usr/include'
pdfdir='${docdir}'
prefix='/public/home/students/yangl/tools/h5utils/1.13.1'
program_transform_name='s,x,x,'
psdir='${docdir}'
sbindir='${exec_prefix}/sbin'
sharedstatedir='${prefix}/com'
sysconfdir='${prefix}/etc'
target_alias=''

## ----------- ##
## confdefs.h. ##
## ----------- ##

/* confdefs.h */
#define PACKAGE_NAME "h5utils"
#define PACKAGE_TARNAME "h5utils"
#define PACKAGE_VERSION "1.13.1"
#define PACKAGE_STRING "h5utils 1.13.1"
#define PACKAGE_BUGREPORT "stevenj@alum.mit.edu"
#define PACKAGE_URL ""
#define PACKAGE "h5utils"
#define VERSION "1.13.1"
#define STDC_HEADERS 1
#define HAVE_LIBM 1
#define HAVE_SNPRINTF 1
#define HAVE_SYS_TYPES_H 1
#define HAVE_SYS_STAT_H 1
#define HAVE_STDLIB_H 1
#define HAVE_STRING_H 1
#define HAVE_MEMORY_H 1
#define HAVE_STRINGS_H 1
#define HAVE_INTTYPES_H 1
#define HAVE_STDINT_H 1
#define HAVE_UNISTD_H 1
#define HAVE_HDF_H 1

configure: exit 1
